Starting job at Sat Oct  4 19:39:42 CEST 2025
/var/slurmd-serial/job4955610/slurm_script: line 34: git: command not found
Git commit: 
System information:
NAME="SLES"
VERSION="15-SP6"
VERSION_ID="15.6"
PRETTY_NAME="SUSE Linux Enterprise Server 15 SP6"
ID="sles"
ID_LIKE="suse"
ANSI_COLOR="0;32"
CPE_NAME="cpe:/o:suse:sles:15:sp6"
DOCUMENTATION_URL="https://documentation.suse.com/"
Linux 6.4.0-150600.23.25-default #1 SMP PREEMPT_DYNAMIC Tue Oct  1 10:54:01 UTC 2024 (ea7c56d) x86_64 x86_64 x86_64 GNU/Linux
Resolved 35 packages in 1ms
Audited 33 packages in 4ms
Run main.py at Sat Oct  4 19:39:42 CEST 2025
===============
Benchmark: permutationiq_variants_soum
===============
Game configuration: {'n': 15, 'n_basis_games': 150, 'min_interaction_size': 1, 'max_interaction_size': 15}
Computed exact values in 0.015254735946655273 seconds
Computed exact variances in 1460.7738089561462 seconds
--- Iteration 1/50 ---
Budget: 16, Runtime: 0.05 seconds
Budget: 50, Runtime: 0.16 seconds
Budget: 100, Runtime: 0.31 seconds
Budget: 250, Runtime: 0.75 seconds
Budget: 500, Runtime: 1.51 seconds
Budget: 750, Runtime: 2.27 seconds
Budget: 1000, Runtime: 3.02 seconds
Budget: 2000, Runtime: 6.08 seconds
Budget: 3500, Runtime: 10.62 seconds
Budget: 5000, Runtime: 15.22 seconds
Budget: 7500, Runtime: 22.86 seconds
Budget: 10000, Runtime: 30.59 seconds

--- Iteration 2/50 ---
Budget: 16, Runtime: 0.05 seconds
Budget: 50, Runtime: 0.16 seconds
Budget: 100, Runtime: 0.31 seconds
Budget: 250, Runtime: 0.76 seconds
Budget: 500, Runtime: 1.51 seconds
Budget: 750, Runtime: 2.26 seconds
Budget: 1000, Runtime: 3.01 seconds
Budget: 2000, Runtime: 6.04 seconds
Budget: 3500, Runtime: 10.54 seconds
Budget: 5000, Runtime: 15.09 seconds
Budget: 7500, Runtime: 22.63 seconds
Budget: 10000, Runtime: 30.25 seconds

--- Iteration 3/50 ---
Budget: 16, Runtime: 0.05 seconds
Budget: 50, Runtime: 0.16 seconds
Budget: 100, Runtime: 0.31 seconds
Budget: 250, Runtime: 0.76 seconds
Budget: 500, Runtime: 1.51 seconds
Budget: 750, Runtime: 2.26 seconds
Budget: 1000, Runtime: 3.01 seconds
Budget: 2000, Runtime: 6.01 seconds
Budget: 3500, Runtime: 10.52 seconds
Budget: 5000, Runtime: 15.09 seconds
Budget: 7500, Runtime: 22.69 seconds
Budget: 10000, Runtime: 30.16 seconds

--- Iteration 4/50 ---
Budget: 16, Runtime: 0.05 seconds
Budget: 50, Runtime: 0.16 seconds
Budget: 100, Runtime: 0.31 seconds
Budget: 250, Runtime: 0.76 seconds
Budget: 500, Runtime: 1.51 seconds
Budget: 750, Runtime: 2.26 seconds
Budget: 1000, Runtime: 3.02 seconds
Budget: 2000, Runtime: 6.02 seconds
Budget: 3500, Runtime: 10.52 seconds
Budget: 5000, Runtime: 15.09 seconds
Budget: 7500, Runtime: 22.65 seconds
Budget: 10000, Runtime: 30.18 seconds

--- Iteration 5/50 ---
Budget: 16, Runtime: 0.05 seconds
Budget: 50, Runtime: 0.16 seconds
Budget: 100, Runtime: 0.31 seconds
Budget: 250, Runtime: 0.76 seconds
Budget: 500, Runtime: 1.58 seconds
Budget: 750, Runtime: 2.26 seconds
Budget: 1000, Runtime: 3.01 seconds
Budget: 2000, Runtime: 6.04 seconds
Budget: 3500, Runtime: 10.54 seconds
Budget: 5000, Runtime: 15.05 seconds
Budget: 7500, Runtime: 22.86 seconds
Budget: 10000, Runtime: 30.28 seconds

--- Iteration 6/50 ---
Budget: 16, Runtime: 0.05 seconds
Budget: 50, Runtime: 0.16 seconds
Budget: 100, Runtime: 0.32 seconds
Budget: 250, Runtime: 0.77 seconds
Budget: 500, Runtime: 1.52 seconds
Budget: 750, Runtime: 2.26 seconds
Budget: 1000, Runtime: 3.02 seconds
Budget: 2000, Runtime: 6.04 seconds
Budget: 3500, Runtime: 10.52 seconds
Budget: 5000, Runtime: 15.09 seconds
Budget: 7500, Runtime: 22.55 seconds
Budget: 10000, Runtime: 30.13 seconds

--- Iteration 7/50 ---
Budget: 16, Runtime: 0.05 seconds
Budget: 50, Runtime: 0.16 seconds
Budget: 100, Runtime: 0.31 seconds
Budget: 250, Runtime: 0.75 seconds
Budget: 500, Runtime: 1.51 seconds
Budget: 750, Runtime: 2.26 seconds
Budget: 1000, Runtime: 3.01 seconds
Budget: 2000, Runtime: 6.01 seconds
Budget: 3500, Runtime: 10.53 seconds
Budget: 5000, Runtime: 15.10 seconds
Budget: 7500, Runtime: 22.68 seconds
Budget: 10000, Runtime: 30.22 seconds

--- Iteration 8/50 ---
Budget: 16, Runtime: 0.05 seconds
Budget: 50, Runtime: 0.16 seconds
Budget: 100, Runtime: 0.31 seconds
Budget: 250, Runtime: 0.76 seconds
Budget: 500, Runtime: 1.51 seconds
Budget: 750, Runtime: 2.26 seconds
Budget: 1000, Runtime: 3.02 seconds
Budget: 2000, Runtime: 6.03 seconds
Budget: 3500, Runtime: 10.55 seconds
Budget: 5000, Runtime: 15.07 seconds
Budget: 7500, Runtime: 22.66 seconds
Budget: 10000, Runtime: 30.22 seconds

--- Iteration 9/50 ---
Budget: 16, Runtime: 0.05 seconds
Budget: 50, Runtime: 0.16 seconds
Budget: 100, Runtime: 0.31 seconds
Budget: 250, Runtime: 0.76 seconds
Budget: 500, Runtime: 1.50 seconds
Budget: 750, Runtime: 2.26 seconds
Budget: 1000, Runtime: 3.02 seconds
Budget: 2000, Runtime: 6.02 seconds
Budget: 3500, Runtime: 10.56 seconds
Budget: 5000, Runtime: 15.10 seconds
Budget: 7500, Runtime: 22.67 seconds
Budget: 10000, Runtime: 30.23 seconds

--- Iteration 10/50 ---
Budget: 16, Runtime: 0.05 seconds
Budget: 50, Runtime: 0.16 seconds
Budget: 100, Runtime: 0.31 seconds
Budget: 250, Runtime: 0.76 seconds
Budget: 500, Runtime: 1.52 seconds
Budget: 750, Runtime: 2.27 seconds
Budget: 1000, Runtime: 3.03 seconds
Budget: 2000, Runtime: 6.03 seconds
Budget: 3500, Runtime: 10.54 seconds
Budget: 5000, Runtime: 15.07 seconds
Budget: 7500, Runtime: 22.62 seconds
Budget: 10000, Runtime: 30.25 seconds

--- Iteration 11/50 ---
Budget: 16, Runtime: 0.05 seconds
Budget: 50, Runtime: 0.16 seconds
Budget: 100, Runtime: 0.31 seconds
Budget: 250, Runtime: 0.76 seconds
Budget: 500, Runtime: 1.51 seconds
Budget: 750, Runtime: 2.26 seconds
Budget: 1000, Runtime: 3.02 seconds
Budget: 2000, Runtime: 6.02 seconds
Budget: 3500, Runtime: 10.53 seconds
Budget: 5000, Runtime: 15.07 seconds
Budget: 7500, Runtime: 22.67 seconds
Budget: 10000, Runtime: 30.16 seconds

--- Iteration 12/50 ---
Budget: 16, Runtime: 0.05 seconds
Budget: 50, Runtime: 0.16 seconds
Budget: 100, Runtime: 0.31 seconds
Budget: 250, Runtime: 0.76 seconds
Budget: 500, Runtime: 1.51 seconds
Budget: 750, Runtime: 2.27 seconds
Budget: 1000, Runtime: 3.01 seconds
Budget: 2000, Runtime: 6.04 seconds
Budget: 3500, Runtime: 10.56 seconds
Budget: 5000, Runtime: 15.07 seconds
Budget: 7500, Runtime: 22.67 seconds
Budget: 10000, Runtime: 30.17 seconds

--- Iteration 13/50 ---
Budget: 16, Runtime: 0.05 seconds
Budget: 50, Runtime: 0.16 seconds
Budget: 100, Runtime: 0.31 seconds
Budget: 250, Runtime: 0.76 seconds
Budget: 500, Runtime: 1.51 seconds
Budget: 750, Runtime: 2.26 seconds
Budget: 1000, Runtime: 3.02 seconds
Budget: 2000, Runtime: 6.02 seconds
Budget: 3500, Runtime: 10.54 seconds
Budget: 5000, Runtime: 15.05 seconds
Budget: 7500, Runtime: 22.58 seconds
Budget: 10000, Runtime: 30.15 seconds

--- Iteration 14/50 ---
Budget: 16, Runtime: 0.05 seconds
Budget: 50, Runtime: 0.16 seconds
Budget: 100, Runtime: 0.31 seconds
Budget: 250, Runtime: 0.76 seconds
Budget: 500, Runtime: 1.51 seconds
Budget: 750, Runtime: 2.27 seconds
Budget: 1000, Runtime: 3.01 seconds
Budget: 2000, Runtime: 6.01 seconds
Budget: 3500, Runtime: 10.57 seconds
Budget: 5000, Runtime: 15.08 seconds
Budget: 7500, Runtime: 22.70 seconds
Budget: 10000, Runtime: 30.14 seconds

--- Iteration 15/50 ---
Budget: 16, Runtime: 0.05 seconds
Budget: 50, Runtime: 0.16 seconds
Budget: 100, Runtime: 0.31 seconds
Budget: 250, Runtime: 0.76 seconds
Budget: 500, Runtime: 1.51 seconds
Budget: 750, Runtime: 2.27 seconds
Budget: 1000, Runtime: 3.01 seconds
Budget: 2000, Runtime: 6.03 seconds
Budget: 3500, Runtime: 10.55 seconds
Budget: 5000, Runtime: 15.10 seconds
Budget: 7500, Runtime: 22.63 seconds
Budget: 10000, Runtime: 30.19 seconds

--- Iteration 16/50 ---
Budget: 16, Runtime: 0.05 seconds
Budget: 50, Runtime: 0.16 seconds
Budget: 100, Runtime: 0.31 seconds
Budget: 250, Runtime: 0.76 seconds
Budget: 500, Runtime: 1.51 seconds
Budget: 750, Runtime: 2.26 seconds
Budget: 1000, Runtime: 3.02 seconds
Budget: 2000, Runtime: 6.03 seconds
Budget: 3500, Runtime: 10.52 seconds
Budget: 5000, Runtime: 15.08 seconds
Budget: 7500, Runtime: 22.60 seconds
Budget: 10000, Runtime: 30.23 seconds

--- Iteration 17/50 ---
Budget: 16, Runtime: 0.05 seconds
Budget: 50, Runtime: 0.16 seconds
Budget: 100, Runtime: 0.31 seconds
Budget: 250, Runtime: 0.76 seconds
Budget: 500, Runtime: 1.51 seconds
Budget: 750, Runtime: 2.26 seconds
Budget: 1000, Runtime: 3.02 seconds
Budget: 2000, Runtime: 6.01 seconds
Budget: 3500, Runtime: 10.54 seconds
Budget: 5000, Runtime: 15.09 seconds
Budget: 7500, Runtime: 22.63 seconds
Budget: 10000, Runtime: 30.15 seconds

--- Iteration 18/50 ---
Budget: 16, Runtime: 0.05 seconds
Budget: 50, Runtime: 0.16 seconds
Budget: 100, Runtime: 0.31 seconds
Budget: 250, Runtime: 0.76 seconds
Budget: 500, Runtime: 1.51 seconds
Budget: 750, Runtime: 2.26 seconds
Budget: 1000, Runtime: 3.02 seconds
Budget: 2000, Runtime: 6.03 seconds
Budget: 3500, Runtime: 10.52 seconds
Budget: 5000, Runtime: 15.09 seconds
Budget: 7500, Runtime: 22.68 seconds
Budget: 10000, Runtime: 30.62 seconds

--- Iteration 19/50 ---
Budget: 16, Runtime: 0.05 seconds
Budget: 50, Runtime: 0.23 seconds
Budget: 100, Runtime: 0.31 seconds
Budget: 250, Runtime: 0.76 seconds
Budget: 500, Runtime: 1.51 seconds
Budget: 750, Runtime: 2.26 seconds
Budget: 1000, Runtime: 3.01 seconds
Budget: 2000, Runtime: 6.03 seconds
Budget: 3500, Runtime: 10.54 seconds
Budget: 5000, Runtime: 15.10 seconds
Budget: 7500, Runtime: 22.65 seconds
Budget: 10000, Runtime: 30.48 seconds

--- Iteration 20/50 ---
Budget: 16, Runtime: 0.05 seconds
Budget: 50, Runtime: 0.16 seconds
Budget: 100, Runtime: 0.31 seconds
Budget: 250, Runtime: 0.76 seconds
Budget: 500, Runtime: 1.51 seconds
Budget: 750, Runtime: 2.26 seconds
Budget: 1000, Runtime: 3.02 seconds
Budget: 2000, Runtime: 6.02 seconds
Budget: 3500, Runtime: 10.53 seconds
Budget: 5000, Runtime: 15.09 seconds
Budget: 7500, Runtime: 22.59 seconds
Budget: 10000, Runtime: 30.52 seconds

--- Iteration 21/50 ---
Budget: 16, Runtime: 0.05 seconds
Budget: 50, Runtime: 0.16 seconds
Budget: 100, Runtime: 0.31 seconds
Budget: 250, Runtime: 0.76 seconds
Budget: 500, Runtime: 1.51 seconds
Budget: 750, Runtime: 2.25 seconds
Budget: 1000, Runtime: 3.01 seconds
Budget: 2000, Runtime: 6.03 seconds
Budget: 3500, Runtime: 10.53 seconds
Budget: 5000, Runtime: 15.07 seconds
Budget: 7500, Runtime: 22.64 seconds
Budget: 10000, Runtime: 30.49 seconds

--- Iteration 22/50 ---
Budget: 16, Runtime: 0.05 seconds
Budget: 50, Runtime: 0.16 seconds
Budget: 100, Runtime: 0.31 seconds
Budget: 250, Runtime: 0.76 seconds
Budget: 500, Runtime: 1.51 seconds
Budget: 750, Runtime: 2.26 seconds
Budget: 1000, Runtime: 3.02 seconds
Budget: 2000, Runtime: 6.04 seconds
Budget: 3500, Runtime: 10.52 seconds
Budget: 5000, Runtime: 15.08 seconds
Budget: 7500, Runtime: 22.61 seconds
Budget: 10000, Runtime: 30.52 seconds

--- Iteration 23/50 ---
Budget: 16, Runtime: 0.05 seconds
Budget: 50, Runtime: 0.16 seconds
Budget: 100, Runtime: 0.31 seconds
Budget: 250, Runtime: 0.76 seconds
Budget: 500, Runtime: 1.51 seconds
Budget: 750, Runtime: 2.27 seconds
Budget: 1000, Runtime: 3.01 seconds
Budget: 2000, Runtime: 6.03 seconds
Budget: 3500, Runtime: 10.53 seconds
Budget: 5000, Runtime: 15.11 seconds
Budget: 7500, Runtime: 22.65 seconds
Budget: 10000, Runtime: 30.60 seconds

--- Iteration 24/50 ---
Budget: 16, Runtime: 0.05 seconds
Budget: 50, Runtime: 0.16 seconds
Budget: 100, Runtime: 0.31 seconds
Budget: 250, Runtime: 0.76 seconds
Budget: 500, Runtime: 1.51 seconds
Budget: 750, Runtime: 2.27 seconds
Budget: 1000, Runtime: 3.01 seconds
Budget: 2000, Runtime: 6.04 seconds
Budget: 3500, Runtime: 10.54 seconds
Budget: 5000, Runtime: 15.08 seconds
Budget: 7500, Runtime: 22.68 seconds
Budget: 10000, Runtime: 30.54 seconds

--- Iteration 25/50 ---
Budget: 16, Runtime: 0.05 seconds
Budget: 50, Runtime: 0.16 seconds
Budget: 100, Runtime: 0.31 seconds
Budget: 250, Runtime: 0.76 seconds
Budget: 500, Runtime: 1.51 seconds
Budget: 750, Runtime: 2.26 seconds
Budget: 1000, Runtime: 3.01 seconds
Budget: 2000, Runtime: 6.01 seconds
Budget: 3500, Runtime: 10.53 seconds
Budget: 5000, Runtime: 15.05 seconds
Budget: 7500, Runtime: 22.56 seconds
Budget: 10000, Runtime: 30.51 seconds

--- Iteration 26/50 ---
Budget: 16, Runtime: 0.05 seconds
Budget: 50, Runtime: 0.16 seconds
Budget: 100, Runtime: 0.31 seconds
Budget: 250, Runtime: 0.76 seconds
Budget: 500, Runtime: 1.51 seconds
Budget: 750, Runtime: 2.26 seconds
Budget: 1000, Runtime: 3.00 seconds
Budget: 2000, Runtime: 6.02 seconds
Budget: 3500, Runtime: 10.52 seconds
Budget: 5000, Runtime: 15.08 seconds
Budget: 7500, Runtime: 22.61 seconds
Budget: 10000, Runtime: 30.58 seconds

--- Iteration 27/50 ---
Budget: 16, Runtime: 0.05 seconds
Budget: 50, Runtime: 0.16 seconds
Budget: 100, Runtime: 0.31 seconds
Budget: 250, Runtime: 0.76 seconds
Budget: 500, Runtime: 1.51 seconds
Budget: 750, Runtime: 2.27 seconds
Budget: 1000, Runtime: 3.02 seconds
Budget: 2000, Runtime: 6.03 seconds
Budget: 3500, Runtime: 10.52 seconds
Budget: 5000, Runtime: 15.09 seconds
Budget: 7500, Runtime: 22.58 seconds
Budget: 10000, Runtime: 30.60 seconds

--- Iteration 28/50 ---
Budget: 16, Runtime: 0.05 seconds
Budget: 50, Runtime: 0.16 seconds
Budget: 100, Runtime: 0.31 seconds
Budget: 250, Runtime: 0.83 seconds
Budget: 500, Runtime: 1.51 seconds
Budget: 750, Runtime: 2.27 seconds
Budget: 1000, Runtime: 3.01 seconds
Budget: 2000, Runtime: 6.05 seconds
Budget: 3500, Runtime: 10.54 seconds
Budget: 5000, Runtime: 15.09 seconds
Budget: 7500, Runtime: 22.60 seconds
Budget: 10000, Runtime: 30.60 seconds

--- Iteration 29/50 ---
Budget: 16, Runtime: 0.05 seconds
Budget: 50, Runtime: 0.16 seconds
Budget: 100, Runtime: 0.31 seconds
Budget: 250, Runtime: 0.76 seconds
Budget: 500, Runtime: 1.51 seconds
Budget: 750, Runtime: 2.27 seconds
Budget: 1000, Runtime: 3.01 seconds
Budget: 2000, Runtime: 6.03 seconds
Budget: 3500, Runtime: 10.53 seconds
Budget: 5000, Runtime: 15.10 seconds
Budget: 7500, Runtime: 22.59 seconds
Budget: 10000, Runtime: 30.56 seconds

--- Iteration 30/50 ---
Budget: 16, Runtime: 0.05 seconds
Budget: 50, Runtime: 0.16 seconds
Budget: 100, Runtime: 0.31 seconds
Budget: 250, Runtime: 0.76 seconds
Budget: 500, Runtime: 1.51 seconds
Budget: 750, Runtime: 2.27 seconds
Budget: 1000, Runtime: 3.01 seconds
Budget: 2000, Runtime: 6.03 seconds
Budget: 3500, Runtime: 10.56 seconds
Budget: 5000, Runtime: 15.07 seconds
Budget: 7500, Runtime: 22.66 seconds
Budget: 10000, Runtime: 30.49 seconds

--- Iteration 31/50 ---
Budget: 16, Runtime: 0.05 seconds
Budget: 50, Runtime: 0.16 seconds
Budget: 100, Runtime: 0.31 seconds
Budget: 250, Runtime: 0.76 seconds
Budget: 500, Runtime: 1.51 seconds
Budget: 750, Runtime: 2.27 seconds
Budget: 1000, Runtime: 3.01 seconds
Budget: 2000, Runtime: 6.02 seconds
Budget: 3500, Runtime: 10.55 seconds
Budget: 5000, Runtime: 15.09 seconds
Budget: 7500, Runtime: 22.57 seconds
Budget: 10000, Runtime: 30.58 seconds

--- Iteration 32/50 ---
Budget: 16, Runtime: 0.05 seconds
Budget: 50, Runtime: 0.16 seconds
Budget: 100, Runtime: 0.31 seconds
Budget: 250, Runtime: 0.76 seconds
Budget: 500, Runtime: 1.51 seconds
Budget: 750, Runtime: 2.27 seconds
Budget: 1000, Runtime: 3.01 seconds
Budget: 2000, Runtime: 6.05 seconds
Budget: 3500, Runtime: 10.54 seconds
Budget: 5000, Runtime: 15.07 seconds
Budget: 7500, Runtime: 22.62 seconds
Budget: 10000, Runtime: 30.50 seconds

--- Iteration 33/50 ---
Budget: 16, Runtime: 0.05 seconds
Budget: 50, Runtime: 0.16 seconds
Budget: 100, Runtime: 0.31 seconds
Budget: 250, Runtime: 0.76 seconds
Budget: 500, Runtime: 1.51 seconds
Budget: 750, Runtime: 2.27 seconds
Budget: 1000, Runtime: 3.01 seconds
Budget: 2000, Runtime: 6.02 seconds
Budget: 3500, Runtime: 10.54 seconds
Budget: 5000, Runtime: 15.09 seconds
Budget: 7500, Runtime: 22.64 seconds
Budget: 10000, Runtime: 30.45 seconds

--- Iteration 34/50 ---
Budget: 16, Runtime: 0.05 seconds
Budget: 50, Runtime: 0.16 seconds
Budget: 100, Runtime: 0.31 seconds
Budget: 250, Runtime: 0.76 seconds
Budget: 500, Runtime: 1.51 seconds
Budget: 750, Runtime: 2.27 seconds
Budget: 1000, Runtime: 3.01 seconds
Budget: 2000, Runtime: 6.03 seconds
Budget: 3500, Runtime: 10.53 seconds
Budget: 5000, Runtime: 15.10 seconds
Budget: 7500, Runtime: 22.65 seconds
Budget: 10000, Runtime: 30.55 seconds

--- Iteration 35/50 ---
Budget: 16, Runtime: 0.05 seconds
Budget: 50, Runtime: 0.16 seconds
Budget: 100, Runtime: 0.31 seconds
Budget: 250, Runtime: 0.76 seconds
Budget: 500, Runtime: 1.51 seconds
Budget: 750, Runtime: 2.26 seconds
Budget: 1000, Runtime: 3.01 seconds
Budget: 2000, Runtime: 6.03 seconds
Budget: 3500, Runtime: 10.55 seconds
Budget: 5000, Runtime: 15.11 seconds
Budget: 7500, Runtime: 22.63 seconds
Budget: 10000, Runtime: 30.59 seconds

--- Iteration 36/50 ---
Budget: 16, Runtime: 0.05 seconds
Budget: 50, Runtime: 0.16 seconds
Budget: 100, Runtime: 0.31 seconds
Budget: 250, Runtime: 0.76 seconds
Budget: 500, Runtime: 1.51 seconds
Budget: 750, Runtime: 2.26 seconds
Budget: 1000, Runtime: 3.02 seconds
Budget: 2000, Runtime: 6.03 seconds
Budget: 3500, Runtime: 10.54 seconds
Budget: 5000, Runtime: 15.12 seconds
Budget: 7500, Runtime: 22.55 seconds
Budget: 10000, Runtime: 30.55 seconds

--- Iteration 37/50 ---
Budget: 16, Runtime: 0.05 seconds
Budget: 50, Runtime: 0.16 seconds
Budget: 100, Runtime: 0.31 seconds
Budget: 250, Runtime: 0.76 seconds
Budget: 500, Runtime: 1.50 seconds
Budget: 750, Runtime: 2.26 seconds
Budget: 1000, Runtime: 3.00 seconds
Budget: 2000, Runtime: 6.03 seconds
Budget: 3500, Runtime: 10.53 seconds
Budget: 5000, Runtime: 15.08 seconds
Budget: 7500, Runtime: 22.60 seconds
Budget: 10000, Runtime: 30.62 seconds

--- Iteration 38/50 ---
Budget: 16, Runtime: 0.05 seconds
Budget: 50, Runtime: 0.16 seconds
Budget: 100, Runtime: 0.31 seconds
Budget: 250, Runtime: 0.76 seconds
Budget: 500, Runtime: 1.51 seconds
Budget: 750, Runtime: 2.26 seconds
Budget: 1000, Runtime: 3.01 seconds
Budget: 2000, Runtime: 6.04 seconds
Budget: 3500, Runtime: 10.57 seconds
Budget: 5000, Runtime: 15.07 seconds
Budget: 7500, Runtime: 22.67 seconds
Budget: 10000, Runtime: 30.49 seconds

--- Iteration 39/50 ---
Budget: 16, Runtime: 0.05 seconds
Budget: 50, Runtime: 0.16 seconds
Budget: 100, Runtime: 0.31 seconds
Budget: 250, Runtime: 0.76 seconds
Budget: 500, Runtime: 1.51 seconds
Budget: 750, Runtime: 2.27 seconds
Budget: 1000, Runtime: 3.01 seconds
Budget: 2000, Runtime: 6.04 seconds
Budget: 3500, Runtime: 10.52 seconds
Budget: 5000, Runtime: 15.06 seconds
Budget: 7500, Runtime: 22.58 seconds
Budget: 10000, Runtime: 30.58 seconds

--- Iteration 40/50 ---
Budget: 16, Runtime: 0.05 seconds
Budget: 50, Runtime: 0.16 seconds
Budget: 100, Runtime: 0.31 seconds
Budget: 250, Runtime: 0.76 seconds
Budget: 500, Runtime: 1.50 seconds
Budget: 750, Runtime: 2.26 seconds
Budget: 1000, Runtime: 3.03 seconds
Budget: 2000, Runtime: 6.02 seconds
Budget: 3500, Runtime: 10.55 seconds
Budget: 5000, Runtime: 15.08 seconds
Budget: 7500, Runtime: 22.68 seconds
Budget: 10000, Runtime: 30.54 seconds

--- Iteration 41/50 ---
Budget: 16, Runtime: 0.05 seconds
Budget: 50, Runtime: 0.16 seconds
Budget: 100, Runtime: 0.31 seconds
Budget: 250, Runtime: 0.76 seconds
Budget: 500, Runtime: 1.51 seconds
Budget: 750, Runtime: 2.26 seconds
Budget: 1000, Runtime: 3.01 seconds
Budget: 2000, Runtime: 6.04 seconds
Budget: 3500, Runtime: 10.49 seconds
Budget: 5000, Runtime: 15.13 seconds
Budget: 7500, Runtime: 22.55 seconds
Budget: 10000, Runtime: 30.42 seconds

--- Iteration 42/50 ---
Budget: 16, Runtime: 0.05 seconds
Budget: 50, Runtime: 0.16 seconds
Budget: 100, Runtime: 0.31 seconds
Budget: 250, Runtime: 0.76 seconds
Budget: 500, Runtime: 1.51 seconds
Budget: 750, Runtime: 2.27 seconds
Budget: 1000, Runtime: 3.01 seconds
Budget: 2000, Runtime: 6.01 seconds
Budget: 3500, Runtime: 10.54 seconds
Budget: 5000, Runtime: 15.07 seconds
Budget: 7500, Runtime: 22.64 seconds
Budget: 10000, Runtime: 30.52 seconds

--- Iteration 43/50 ---
Budget: 16, Runtime: 0.05 seconds
Budget: 50, Runtime: 0.16 seconds
Budget: 100, Runtime: 0.31 seconds
Budget: 250, Runtime: 0.76 seconds
Budget: 500, Runtime: 1.51 seconds
Budget: 750, Runtime: 2.26 seconds
Budget: 1000, Runtime: 3.01 seconds
Budget: 2000, Runtime: 6.04 seconds
Budget: 3500, Runtime: 10.51 seconds
Budget: 5000, Runtime: 15.08 seconds
Budget: 7500, Runtime: 22.58 seconds
Budget: 10000, Runtime: 30.54 seconds

--- Iteration 44/50 ---
Budget: 16, Runtime: 0.05 seconds
Budget: 50, Runtime: 0.16 seconds
Budget: 100, Runtime: 0.31 seconds
Budget: 250, Runtime: 0.76 seconds
Budget: 500, Runtime: 1.51 seconds
Budget: 750, Runtime: 2.26 seconds
Budget: 1000, Runtime: 3.08 seconds
Budget: 2000, Runtime: 6.00 seconds
Budget: 3500, Runtime: 10.51 seconds
Budget: 5000, Runtime: 15.07 seconds
Budget: 7500, Runtime: 22.51 seconds
Budget: 10000, Runtime: 30.40 seconds

--- Iteration 45/50 ---
Budget: 16, Runtime: 0.05 seconds
Budget: 50, Runtime: 0.16 seconds
Budget: 100, Runtime: 0.30 seconds
Budget: 250, Runtime: 0.76 seconds
Budget: 500, Runtime: 1.50 seconds
Budget: 750, Runtime: 2.27 seconds
Budget: 1000, Runtime: 3.00 seconds
Budget: 2000, Runtime: 6.03 seconds
Budget: 3500, Runtime: 10.49 seconds
Budget: 5000, Runtime: 15.04 seconds
Budget: 7500, Runtime: 22.55 seconds
Budget: 10000, Runtime: 30.47 seconds

--- Iteration 46/50 ---
Budget: 16, Runtime: 0.05 seconds
Budget: 50, Runtime: 0.16 seconds
Budget: 100, Runtime: 0.31 seconds
Budget: 250, Runtime: 0.76 seconds
Budget: 500, Runtime: 1.50 seconds
Budget: 750, Runtime: 2.26 seconds
Budget: 1000, Runtime: 3.00 seconds
Budget: 2000, Runtime: 6.00 seconds
Budget: 3500, Runtime: 10.52 seconds
Budget: 5000, Runtime: 15.03 seconds
Budget: 7500, Runtime: 22.59 seconds
Budget: 10000, Runtime: 30.42 seconds

--- Iteration 47/50 ---
Budget: 16, Runtime: 0.05 seconds
Budget: 50, Runtime: 0.16 seconds
Budget: 100, Runtime: 0.31 seconds
Budget: 250, Runtime: 0.76 seconds
Budget: 500, Runtime: 1.50 seconds
Budget: 750, Runtime: 2.26 seconds
Budget: 1000, Runtime: 3.01 seconds
Budget: 2000, Runtime: 6.01 seconds
Budget: 3500, Runtime: 10.51 seconds
Budget: 5000, Runtime: 15.08 seconds
Budget: 7500, Runtime: 22.66 seconds
Budget: 10000, Runtime: 30.44 seconds

--- Iteration 48/50 ---
Budget: 16, Runtime: 0.05 seconds
Budget: 50, Runtime: 0.16 seconds
Budget: 100, Runtime: 0.30 seconds
Budget: 250, Runtime: 0.76 seconds
Budget: 500, Runtime: 1.50 seconds
Budget: 750, Runtime: 2.26 seconds
Budget: 1000, Runtime: 3.00 seconds
Budget: 2000, Runtime: 6.00 seconds
Budget: 3500, Runtime: 10.51 seconds
Budget: 5000, Runtime: 15.04 seconds
Budget: 7500, Runtime: 22.58 seconds
Budget: 10000, Runtime: 30.44 seconds

--- Iteration 49/50 ---
Budget: 16, Runtime: 0.05 seconds
Budget: 50, Runtime: 0.16 seconds
Budget: 100, Runtime: 0.31 seconds
Budget: 250, Runtime: 0.76 seconds
Budget: 500, Runtime: 1.51 seconds
Budget: 750, Runtime: 2.25 seconds
Budget: 1000, Runtime: 3.01 seconds
Budget: 2000, Runtime: 6.02 seconds
Budget: 3500, Runtime: 10.48 seconds
Budget: 5000, Runtime: 15.03 seconds
Budget: 7500, Runtime: 22.56 seconds
Budget: 10000, Runtime: 30.47 seconds

--- Iteration 50/50 ---
Budget: 16, Runtime: 0.05 seconds
Budget: 50, Runtime: 0.16 seconds
Budget: 100, Runtime: 0.31 seconds
Budget: 250, Runtime: 0.76 seconds
Budget: 500, Runtime: 1.50 seconds
Budget: 750, Runtime: 2.26 seconds
Budget: 1000, Runtime: 3.00 seconds
Budget: 2000, Runtime: 6.01 seconds
Budget: 3500, Runtime: 10.49 seconds
Budget: 5000, Runtime: 15.06 seconds
Budget: 7500, Runtime: 22.57 seconds
Budget: 10000, Runtime: 30.42 seconds

Ending job at Sun Oct  5 15:19:37 CEST 2025 (runtime: 70795s)
