Starting job at Tue Oct 28 23:57:57 CET 2025
/var/slurmd-serial/job4968863/slurm_script: line 34: git: command not found
Git commit: 
System information:
NAME="SLES"
VERSION="15-SP6"
VERSION_ID="15.6"
PRETTY_NAME="SUSE Linux Enterprise Server 15 SP6"
ID="sles"
ID_LIKE="suse"
ANSI_COLOR="0;32"
CPE_NAME="cpe:/o:suse:sles:15:sp6"
DOCUMENTATION_URL="https://documentation.suse.com/"
Linux 6.4.0-150600.23.25-default #1 SMP PREEMPT_DYNAMIC Tue Oct  1 10:54:01 UTC 2024 (ea7c56d) x86_64 x86_64 x86_64 GNU/Linux
Resolved 35 packages in 1ms
Audited 33 packages in 3ms
Run main.py at Tue Oct 28 23:57:57 CET 2025
===============
Benchmark: runtime_varying_n_soum_k3
===============
--- n = 15 ---
--- Iteration 1/30 ---
Computed exact values in 0.017828702926635742 seconds
--- Approximator: PermutationSamplingSII ---
Runtime: 0.28 seconds
--- Approximator: SHAPIQ ---
Runtime: 1.80 seconds
--- Approximator: SVARMIQ ---
Runtime: 70.81 seconds
--- Approximator: KernelSHAPIQ ---
Runtime: 2.04 seconds
--- Approximator: PermutationIQ ---
Runtime: 1.82 seconds
--- Approximator: PermutationIQStratified ---
Runtime: 1.91 seconds

--- Iteration 2/30 ---
Computed exact values in 0.016684293746948242 seconds
--- Approximator: PermutationSamplingSII ---
Runtime: 0.28 seconds
--- Approximator: SHAPIQ ---
Runtime: 1.76 seconds
--- Approximator: SVARMIQ ---
Runtime: 70.70 seconds
--- Approximator: KernelSHAPIQ ---
Runtime: 2.03 seconds
--- Approximator: PermutationIQ ---
Runtime: 1.90 seconds
--- Approximator: PermutationIQStratified ---
Runtime: 2.02 seconds

--- Iteration 3/30 ---
Computed exact values in 0.014956474304199219 seconds
--- Approximator: PermutationSamplingSII ---
Runtime: 0.28 seconds
--- Approximator: SHAPIQ ---
Runtime: 1.73 seconds
--- Approximator: SVARMIQ ---
Runtime: 70.33 seconds
--- Approximator: KernelSHAPIQ ---
Runtime: 2.07 seconds
--- Approximator: PermutationIQ ---
Runtime: 1.82 seconds
--- Approximator: PermutationIQStratified ---
Runtime: 1.97 seconds

--- Iteration 4/30 ---
Computed exact values in 0.015100240707397461 seconds
--- Approximator: PermutationSamplingSII ---
Runtime: 0.29 seconds
--- Approximator: SHAPIQ ---
Runtime: 1.83 seconds
--- Approximator: SVARMIQ ---
Runtime: 71.14 seconds
--- Approximator: KernelSHAPIQ ---
Runtime: 2.07 seconds
--- Approximator: PermutationIQ ---
Runtime: 1.83 seconds
--- Approximator: PermutationIQStratified ---
Runtime: 1.95 seconds

--- Iteration 5/30 ---
Computed exact values in 0.016248703002929688 seconds
--- Approximator: PermutationSamplingSII ---
Runtime: 0.28 seconds
--- Approximator: SHAPIQ ---
Runtime: 1.80 seconds
--- Approximator: SVARMIQ ---
Runtime: 70.75 seconds
--- Approximator: KernelSHAPIQ ---
Runtime: 2.03 seconds
--- Approximator: PermutationIQ ---
Runtime: 1.82 seconds
--- Approximator: PermutationIQStratified ---
Runtime: 2.06 seconds

--- Iteration 6/30 ---
Computed exact values in 0.013732671737670898 seconds
--- Approximator: PermutationSamplingSII ---
Runtime: 0.28 seconds
--- Approximator: SHAPIQ ---
Runtime: 1.85 seconds
--- Approximator: SVARMIQ ---
Runtime: 70.65 seconds
--- Approximator: KernelSHAPIQ ---
Runtime: 2.06 seconds
--- Approximator: PermutationIQ ---
Runtime: 1.84 seconds
--- Approximator: PermutationIQStratified ---
Runtime: 2.01 seconds

--- Iteration 7/30 ---
Computed exact values in 0.015587806701660156 seconds
--- Approximator: PermutationSamplingSII ---
Runtime: 0.28 seconds
--- Approximator: SHAPIQ ---
Runtime: 1.75 seconds
--- Approximator: SVARMIQ ---
Runtime: 70.41 seconds
--- Approximator: KernelSHAPIQ ---
Runtime: 2.01 seconds
--- Approximator: PermutationIQ ---
Runtime: 1.82 seconds
--- Approximator: PermutationIQStratified ---
Runtime: 1.92 seconds

--- Iteration 8/30 ---
Computed exact values in 0.015296220779418945 seconds
--- Approximator: PermutationSamplingSII ---
Runtime: 0.27 seconds
--- Approximator: SHAPIQ ---
Runtime: 1.73 seconds
--- Approximator: SVARMIQ ---
Runtime: 70.12 seconds
--- Approximator: KernelSHAPIQ ---
Runtime: 2.07 seconds
--- Approximator: PermutationIQ ---
Runtime: 1.86 seconds
--- Approximator: PermutationIQStratified ---
Runtime: 2.25 seconds

--- Iteration 9/30 ---
Computed exact values in 0.015055418014526367 seconds
--- Approximator: PermutationSamplingSII ---
Runtime: 0.28 seconds
--- Approximator: SHAPIQ ---
Runtime: 1.83 seconds
--- Approximator: SVARMIQ ---
Runtime: 71.64 seconds
--- Approximator: KernelSHAPIQ ---
Runtime: 2.04 seconds
--- Approximator: PermutationIQ ---
Runtime: 1.81 seconds
--- Approximator: PermutationIQStratified ---
Runtime: 1.89 seconds

--- Iteration 10/30 ---
Computed exact values in 0.013649225234985352 seconds
--- Approximator: PermutationSamplingSII ---
Runtime: 0.27 seconds
--- Approximator: SHAPIQ ---
Runtime: 1.72 seconds
--- Approximator: SVARMIQ ---
Runtime: 69.79 seconds
--- Approximator: KernelSHAPIQ ---
Runtime: 2.09 seconds
--- Approximator: PermutationIQ ---
Runtime: 1.82 seconds
--- Approximator: PermutationIQStratified ---
Runtime: 1.98 seconds

--- Iteration 11/30 ---
Computed exact values in 0.014513731002807617 seconds
--- Approximator: PermutationSamplingSII ---
Runtime: 0.28 seconds
--- Approximator: SHAPIQ ---
Runtime: 1.83 seconds
--- Approximator: SVARMIQ ---
Runtime: 70.69 seconds
--- Approximator: KernelSHAPIQ ---
Runtime: 2.00 seconds
--- Approximator: PermutationIQ ---
Runtime: 1.83 seconds
--- Approximator: PermutationIQStratified ---
Runtime: 2.08 seconds

--- Iteration 12/30 ---
Computed exact values in 0.015176773071289062 seconds
--- Approximator: PermutationSamplingSII ---
Runtime: 0.28 seconds
--- Approximator: SHAPIQ ---
Runtime: 1.79 seconds
--- Approximator: SVARMIQ ---
Runtime: 70.65 seconds
--- Approximator: KernelSHAPIQ ---
Runtime: 2.00 seconds
--- Approximator: PermutationIQ ---
Runtime: 1.87 seconds
--- Approximator: PermutationIQStratified ---
Runtime: 1.95 seconds

--- Iteration 13/30 ---
Computed exact values in 0.01532125473022461 seconds
--- Approximator: PermutationSamplingSII ---
Runtime: 0.28 seconds
--- Approximator: SHAPIQ ---
Runtime: 1.78 seconds
--- Approximator: SVARMIQ ---
Runtime: 70.32 seconds
--- Approximator: KernelSHAPIQ ---
Runtime: 2.00 seconds
--- Approximator: PermutationIQ ---
Runtime: 1.83 seconds
--- Approximator: PermutationIQStratified ---
Runtime: 1.94 seconds

--- Iteration 14/30 ---
Computed exact values in 0.015017271041870117 seconds
--- Approximator: PermutationSamplingSII ---
Runtime: 0.28 seconds
--- Approximator: SHAPIQ ---
Runtime: 1.78 seconds
--- Approximator: SVARMIQ ---
Runtime: 70.62 seconds
--- Approximator: KernelSHAPIQ ---
Runtime: 2.01 seconds
--- Approximator: PermutationIQ ---
Runtime: 1.86 seconds
--- Approximator: PermutationIQStratified ---
Runtime: 2.03 seconds

--- Iteration 15/30 ---
Computed exact values in 0.015718698501586914 seconds
--- Approximator: PermutationSamplingSII ---
Runtime: 0.28 seconds
--- Approximator: SHAPIQ ---
Runtime: 1.77 seconds
--- Approximator: SVARMIQ ---
Runtime: 70.53 seconds
--- Approximator: KernelSHAPIQ ---
Runtime: 2.02 seconds
--- Approximator: PermutationIQ ---
Runtime: 1.84 seconds
--- Approximator: PermutationIQStratified ---
Runtime: 1.92 seconds

--- Iteration 16/30 ---
Computed exact values in 0.014725446701049805 seconds
--- Approximator: PermutationSamplingSII ---
Runtime: 0.28 seconds
--- Approximator: SHAPIQ ---
Runtime: 1.76 seconds
--- Approximator: SVARMIQ ---
Runtime: 69.42 seconds
--- Approximator: KernelSHAPIQ ---
Runtime: 2.01 seconds
--- Approximator: PermutationIQ ---
Runtime: 1.84 seconds
--- Approximator: PermutationIQStratified ---
Runtime: 1.95 seconds

--- Iteration 17/30 ---
Computed exact values in 0.01427602767944336 seconds
--- Approximator: PermutationSamplingSII ---
Runtime: 0.28 seconds
--- Approximator: SHAPIQ ---
Runtime: 1.77 seconds
--- Approximator: SVARMIQ ---
Runtime: 69.19 seconds
--- Approximator: KernelSHAPIQ ---
Runtime: 2.01 seconds
--- Approximator: PermutationIQ ---
Runtime: 1.83 seconds
--- Approximator: PermutationIQStratified ---
Runtime: 2.05 seconds

--- Iteration 18/30 ---
Computed exact values in 0.015598058700561523 seconds
--- Approximator: PermutationSamplingSII ---
Runtime: 0.28 seconds
--- Approximator: SHAPIQ ---
Runtime: 1.78 seconds
--- Approximator: SVARMIQ ---
Runtime: 69.25 seconds
--- Approximator: KernelSHAPIQ ---
Runtime: 2.02 seconds
--- Approximator: PermutationIQ ---
Runtime: 1.88 seconds
--- Approximator: PermutationIQStratified ---
Runtime: 1.94 seconds

--- Iteration 19/30 ---
Computed exact values in 0.014824628829956055 seconds
--- Approximator: PermutationSamplingSII ---
Runtime: 0.28 seconds
--- Approximator: SHAPIQ ---
Runtime: 1.75 seconds
--- Approximator: SVARMIQ ---
Runtime: 69.19 seconds
--- Approximator: KernelSHAPIQ ---
Runtime: 2.01 seconds
--- Approximator: PermutationIQ ---
Runtime: 1.83 seconds
--- Approximator: PermutationIQStratified ---
Runtime: 1.93 seconds

--- Iteration 20/30 ---
Computed exact values in 0.015403985977172852 seconds
--- Approximator: PermutationSamplingSII ---
Runtime: 0.28 seconds
--- Approximator: SHAPIQ ---
Runtime: 1.77 seconds
--- Approximator: SVARMIQ ---
Runtime: 69.41 seconds
--- Approximator: KernelSHAPIQ ---
Runtime: 2.02 seconds
--- Approximator: PermutationIQ ---
Runtime: 1.84 seconds
--- Approximator: PermutationIQStratified ---
Runtime: 2.10 seconds

--- Iteration 21/30 ---
Computed exact values in 0.015965700149536133 seconds
--- Approximator: PermutationSamplingSII ---
Runtime: 0.28 seconds
--- Approximator: SHAPIQ ---
Runtime: 1.81 seconds
--- Approximator: SVARMIQ ---
Runtime: 69.47 seconds
--- Approximator: KernelSHAPIQ ---
Runtime: 2.02 seconds
--- Approximator: PermutationIQ ---
Runtime: 1.83 seconds
--- Approximator: PermutationIQStratified ---
Runtime: 1.97 seconds

--- Iteration 22/30 ---
Computed exact values in 0.014576435089111328 seconds
--- Approximator: PermutationSamplingSII ---
Runtime: 0.28 seconds
--- Approximator: SHAPIQ ---
Runtime: 1.75 seconds
--- Approximator: SVARMIQ ---
Runtime: 69.53 seconds
--- Approximator: KernelSHAPIQ ---
Runtime: 2.03 seconds
--- Approximator: PermutationIQ ---
Runtime: 1.85 seconds
--- Approximator: PermutationIQStratified ---
Runtime: 2.00 seconds

--- Iteration 23/30 ---
Computed exact values in 0.015813589096069336 seconds
--- Approximator: PermutationSamplingSII ---
Runtime: 0.28 seconds
--- Approximator: SHAPIQ ---
Runtime: 1.79 seconds
--- Approximator: SVARMIQ ---
Runtime: 69.42 seconds
--- Approximator: KernelSHAPIQ ---
Runtime: 2.05 seconds
--- Approximator: PermutationIQ ---
Runtime: 1.87 seconds
--- Approximator: PermutationIQStratified ---
Runtime: 2.11 seconds

--- Iteration 24/30 ---
Computed exact values in 0.014709711074829102 seconds
--- Approximator: PermutationSamplingSII ---
Runtime: 0.28 seconds
--- Approximator: SHAPIQ ---
Runtime: 1.76 seconds
--- Approximator: SVARMIQ ---
Runtime: 69.84 seconds
--- Approximator: KernelSHAPIQ ---
Runtime: 2.06 seconds
--- Approximator: PermutationIQ ---
Runtime: 1.84 seconds
--- Approximator: PermutationIQStratified ---
Runtime: 2.05 seconds

--- Iteration 25/30 ---
Computed exact values in 0.015621423721313477 seconds
--- Approximator: PermutationSamplingSII ---
Runtime: 0.28 seconds
--- Approximator: SHAPIQ ---
Runtime: 1.82 seconds
--- Approximator: SVARMIQ ---
Runtime: 69.77 seconds
--- Approximator: KernelSHAPIQ ---
Runtime: 2.07 seconds
--- Approximator: PermutationIQ ---
Runtime: 1.87 seconds
--- Approximator: PermutationIQStratified ---
Runtime: 2.05 seconds

--- Iteration 26/30 ---
Computed exact values in 0.013457298278808594 seconds
--- Approximator: PermutationSamplingSII ---
Runtime: 0.28 seconds
--- Approximator: SHAPIQ ---
Runtime: 1.84 seconds
--- Approximator: SVARMIQ ---
Runtime: 69.50 seconds
--- Approximator: KernelSHAPIQ ---
Runtime: 2.03 seconds
--- Approximator: PermutationIQ ---
Runtime: 1.85 seconds
--- Approximator: PermutationIQStratified ---
Runtime: 2.11 seconds

--- Iteration 27/30 ---
Computed exact values in 0.015082120895385742 seconds
--- Approximator: PermutationSamplingSII ---
Runtime: 0.28 seconds
--- Approximator: SHAPIQ ---
Runtime: 1.78 seconds
--- Approximator: SVARMIQ ---
Runtime: 69.54 seconds
--- Approximator: KernelSHAPIQ ---
Runtime: 2.02 seconds
--- Approximator: PermutationIQ ---
Runtime: 1.85 seconds
--- Approximator: PermutationIQStratified ---
Runtime: 2.01 seconds

--- Iteration 28/30 ---
Computed exact values in 0.014044523239135742 seconds
--- Approximator: PermutationSamplingSII ---
Runtime: 0.28 seconds
--- Approximator: SHAPIQ ---
Runtime: 1.80 seconds
--- Approximator: SVARMIQ ---
Runtime: 69.50 seconds
--- Approximator: KernelSHAPIQ ---
Runtime: 2.02 seconds
--- Approximator: PermutationIQ ---
Runtime: 1.83 seconds
--- Approximator: PermutationIQStratified ---
Runtime: 2.00 seconds

--- Iteration 29/30 ---
Computed exact values in 0.013373851776123047 seconds
--- Approximator: PermutationSamplingSII ---
Runtime: 0.28 seconds
--- Approximator: SHAPIQ ---
Runtime: 1.78 seconds
--- Approximator: SVARMIQ ---
Runtime: 69.44 seconds
--- Approximator: KernelSHAPIQ ---
Runtime: 2.01 seconds
--- Approximator: PermutationIQ ---
Runtime: 1.84 seconds
--- Approximator: PermutationIQStratified ---
Runtime: 2.04 seconds

--- Iteration 30/30 ---
Computed exact values in 0.01570272445678711 seconds
--- Approximator: PermutationSamplingSII ---
Runtime: 0.28 seconds
--- Approximator: SHAPIQ ---
Runtime: 1.73 seconds
--- Approximator: SVARMIQ ---
Runtime: 70.51 seconds
--- Approximator: KernelSHAPIQ ---
Runtime: 2.16 seconds
--- Approximator: PermutationIQ ---
Runtime: 1.86 seconds
--- Approximator: PermutationIQStratified ---
Runtime: 2.18 seconds

--- n = 30 ---
--- Iteration 1/30 ---
Computed exact values in 0.1217491626739502 seconds
--- Approximator: PermutationSamplingSII ---
Runtime: 0.35 seconds
--- Approximator: SHAPIQ ---
Runtime: 12.58 seconds
--- Approximator: SVARMIQ ---
Runtime: 1255.89 seconds
--- Approximator: KernelSHAPIQ ---
Runtime: 38.54 seconds
--- Approximator: PermutationIQ ---
Runtime: 7.22 seconds
--- Approximator: PermutationIQStratified ---
Runtime: 8.92 seconds

--- Iteration 2/30 ---
Computed exact values in 0.12429451942443848 seconds
--- Approximator: PermutationSamplingSII ---
Runtime: 0.35 seconds
--- Approximator: SHAPIQ ---
Runtime: 10.80 seconds
--- Approximator: SVARMIQ ---
Runtime: 1260.15 seconds
--- Approximator: KernelSHAPIQ ---
Runtime: 38.30 seconds
--- Approximator: PermutationIQ ---
Runtime: 7.23 seconds
--- Approximator: PermutationIQStratified ---
Runtime: 8.72 seconds

--- Iteration 3/30 ---
Computed exact values in 0.1231837272644043 seconds
--- Approximator: PermutationSamplingSII ---
Runtime: 0.35 seconds
--- Approximator: SHAPIQ ---
Runtime: 11.25 seconds
--- Approximator: SVARMIQ ---
Runtime: 1261.22 seconds
--- Approximator: KernelSHAPIQ ---
Runtime: 38.26 seconds
--- Approximator: PermutationIQ ---
Runtime: 7.22 seconds
--- Approximator: PermutationIQStratified ---
Runtime: 8.59 seconds

--- Iteration 4/30 ---
Computed exact values in 0.1147148609161377 seconds
--- Approximator: PermutationSamplingSII ---
Runtime: 0.35 seconds
--- Approximator: SHAPIQ ---
Runtime: 11.08 seconds
--- Approximator: SVARMIQ ---
Runtime: 1263.44 seconds
--- Approximator: KernelSHAPIQ ---
Runtime: 38.01 seconds
--- Approximator: PermutationIQ ---
Runtime: 7.21 seconds
--- Approximator: PermutationIQStratified ---
Runtime: 8.69 seconds

--- Iteration 5/30 ---
Computed exact values in 0.132735013961792 seconds
--- Approximator: PermutationSamplingSII ---
Runtime: 0.35 seconds
--- Approximator: SHAPIQ ---
Runtime: 11.28 seconds
--- Approximator: SVARMIQ ---
Runtime: 1260.86 seconds
--- Approximator: KernelSHAPIQ ---
Runtime: 38.50 seconds
--- Approximator: PermutationIQ ---
Runtime: 7.28 seconds
--- Approximator: PermutationIQStratified ---
Runtime: 8.75 seconds

--- Iteration 6/30 ---
Computed exact values in 0.13086485862731934 seconds
--- Approximator: PermutationSamplingSII ---
Runtime: 0.35 seconds
--- Approximator: SHAPIQ ---
Runtime: 10.92 seconds
--- Approximator: SVARMIQ ---
Runtime: 1257.54 seconds
--- Approximator: KernelSHAPIQ ---
Runtime: 37.90 seconds
--- Approximator: PermutationIQ ---
Runtime: 7.23 seconds
--- Approximator: PermutationIQStratified ---
Runtime: 8.85 seconds

--- Iteration 7/30 ---
Computed exact values in 0.11449623107910156 seconds
--- Approximator: PermutationSamplingSII ---
Runtime: 0.35 seconds
--- Approximator: SHAPIQ ---
Runtime: 11.08 seconds
--- Approximator: SVARMIQ ---
Runtime: 1262.79 seconds
--- Approximator: KernelSHAPIQ ---
Runtime: 37.83 seconds
--- Approximator: PermutationIQ ---
Runtime: 7.21 seconds
--- Approximator: PermutationIQStratified ---
Runtime: 8.60 seconds

--- Iteration 8/30 ---
Computed exact values in 0.11800837516784668 seconds
--- Approximator: PermutationSamplingSII ---
Runtime: 0.35 seconds
--- Approximator: SHAPIQ ---
Runtime: 10.81 seconds
--- Approximator: SVARMIQ ---
Runtime: 1269.64 seconds
--- Approximator: KernelSHAPIQ ---
Runtime: 38.26 seconds
--- Approximator: PermutationIQ ---
Runtime: 7.19 seconds
--- Approximator: PermutationIQStratified ---
Runtime: 8.62 seconds

--- Iteration 9/30 ---
Computed exact values in 0.1301867961883545 seconds
--- Approximator: PermutationSamplingSII ---
Runtime: 0.34 seconds
--- Approximator: SHAPIQ ---
Runtime: 11.03 seconds
--- Approximator: SVARMIQ ---
Runtime: 1262.02 seconds
--- Approximator: KernelSHAPIQ ---
Runtime: 38.45 seconds
--- Approximator: PermutationIQ ---
Runtime: 7.34 seconds
--- Approximator: PermutationIQStratified ---
Runtime: 9.24 seconds

--- Iteration 10/30 ---
Computed exact values in 0.12879586219787598 seconds
--- Approximator: PermutationSamplingSII ---
Runtime: 0.35 seconds
--- Approximator: SHAPIQ ---
Runtime: 10.94 seconds
--- Approximator: SVARMIQ ---
Runtime: 1259.31 seconds
--- Approximator: KernelSHAPIQ ---
Runtime: 37.87 seconds
--- Approximator: PermutationIQ ---
Runtime: 7.00 seconds
--- Approximator: PermutationIQStratified ---
Runtime: 9.23 seconds

--- Iteration 11/30 ---
Computed exact values in 0.13537096977233887 seconds
--- Approximator: PermutationSamplingSII ---
Runtime: 0.35 seconds
--- Approximator: SHAPIQ ---
Runtime: 12.42 seconds
--- Approximator: SVARMIQ ---
Runtime: 1257.36 seconds
--- Approximator: KernelSHAPIQ ---
Runtime: 38.01 seconds
--- Approximator: PermutationIQ ---
Runtime: 7.19 seconds
--- Approximator: PermutationIQStratified ---
Runtime: 8.67 seconds

--- Iteration 12/30 ---
Computed exact values in 0.13708949089050293 seconds
--- Approximator: PermutationSamplingSII ---
Runtime: 0.35 seconds
--- Approximator: SHAPIQ ---
Runtime: 11.00 seconds
--- Approximator: SVARMIQ ---
Runtime: 1267.09 seconds
--- Approximator: KernelSHAPIQ ---
Runtime: 38.03 seconds
--- Approximator: PermutationIQ ---
Runtime: 7.22 seconds
--- Approximator: PermutationIQStratified ---
Runtime: 8.63 seconds

--- Iteration 13/30 ---
Computed exact values in 0.12369108200073242 seconds
--- Approximator: PermutationSamplingSII ---
Runtime: 0.34 seconds
--- Approximator: SHAPIQ ---
Runtime: 10.71 seconds
--- Approximator: SVARMIQ ---
Runtime: 1255.01 seconds
--- Approximator: KernelSHAPIQ ---
Runtime: 38.03 seconds
--- Approximator: PermutationIQ ---
Runtime: 7.30 seconds
--- Approximator: PermutationIQStratified ---
Runtime: 8.63 seconds

--- Iteration 14/30 ---
Computed exact values in 0.13150787353515625 seconds
--- Approximator: PermutationSamplingSII ---
Runtime: 0.35 seconds
--- Approximator: SHAPIQ ---
Runtime: 10.88 seconds
--- Approximator: SVARMIQ ---
Runtime: 1261.13 seconds
--- Approximator: KernelSHAPIQ ---
Runtime: 38.44 seconds
--- Approximator: PermutationIQ ---
Runtime: 7.23 seconds
--- Approximator: PermutationIQStratified ---
Runtime: 8.77 seconds

--- Iteration 15/30 ---
Computed exact values in 0.1391901969909668 seconds
--- Approximator: PermutationSamplingSII ---
Runtime: 0.35 seconds
--- Approximator: SHAPIQ ---
Runtime: 11.01 seconds
--- Approximator: SVARMIQ ---
Runtime: 1257.99 seconds
--- Approximator: KernelSHAPIQ ---
Runtime: 38.60 seconds
--- Approximator: PermutationIQ ---
Runtime: 7.58 seconds
--- Approximator: PermutationIQStratified ---
Runtime: 9.96 seconds

--- Iteration 16/30 ---
Computed exact values in 0.11637115478515625 seconds
--- Approximator: PermutationSamplingSII ---
Runtime: 0.35 seconds
--- Approximator: SHAPIQ ---
Runtime: 12.74 seconds
--- Approximator: SVARMIQ ---
Runtime: 1275.58 seconds
--- Approximator: KernelSHAPIQ ---
Runtime: 38.49 seconds
--- Approximator: PermutationIQ ---
Runtime: 7.23 seconds
--- Approximator: PermutationIQStratified ---
Runtime: 8.87 seconds

--- Iteration 17/30 ---
Computed exact values in 0.12288212776184082 seconds
--- Approximator: PermutationSamplingSII ---
Runtime: 0.35 seconds
--- Approximator: SHAPIQ ---
Runtime: 11.05 seconds
--- Approximator: SVARMIQ ---
Runtime: 1263.70 seconds
--- Approximator: KernelSHAPIQ ---
Runtime: 38.33 seconds
--- Approximator: PermutationIQ ---
Runtime: 7.22 seconds
--- Approximator: PermutationIQStratified ---
Runtime: 8.74 seconds

--- Iteration 18/30 ---
Computed exact values in 0.10959935188293457 seconds
--- Approximator: PermutationSamplingSII ---
Runtime: 0.35 seconds
--- Approximator: SHAPIQ ---
Runtime: 10.96 seconds
--- Approximator: SVARMIQ ---
Runtime: 1265.31 seconds
--- Approximator: KernelSHAPIQ ---
Runtime: 38.13 seconds
--- Approximator: PermutationIQ ---
Runtime: 7.36 seconds
--- Approximator: PermutationIQStratified ---
Runtime: 8.79 seconds

--- Iteration 19/30 ---
Computed exact values in 0.12122821807861328 seconds
--- Approximator: PermutationSamplingSII ---
Runtime: 0.35 seconds
--- Approximator: SHAPIQ ---
Runtime: 11.01 seconds
--- Approximator: SVARMIQ ---
Runtime: 1260.70 seconds
--- Approximator: KernelSHAPIQ ---
Runtime: 38.63 seconds
--- Approximator: PermutationIQ ---
Runtime: 7.37 seconds
--- Approximator: PermutationIQStratified ---
Runtime: 9.15 seconds

--- Iteration 20/30 ---
Computed exact values in 0.12479829788208008 seconds
--- Approximator: PermutationSamplingSII ---
Runtime: 0.34 seconds
--- Approximator: SHAPIQ ---
Runtime: 10.95 seconds
--- Approximator: SVARMIQ ---
Runtime: 1263.66 seconds
--- Approximator: KernelSHAPIQ ---
Runtime: 39.46 seconds
--- Approximator: PermutationIQ ---
Runtime: 7.70 seconds
--- Approximator: PermutationIQStratified ---
Runtime: 9.82 seconds

--- Iteration 21/30 ---
Computed exact values in 0.1304771900177002 seconds
--- Approximator: PermutationSamplingSII ---
Runtime: 0.35 seconds
--- Approximator: SHAPIQ ---
Runtime: 10.34 seconds
--- Approximator: SVARMIQ ---
Runtime: 1263.06 seconds
--- Approximator: KernelSHAPIQ ---
Runtime: 38.03 seconds
--- Approximator: PermutationIQ ---
Runtime: 7.30 seconds
--- Approximator: PermutationIQStratified ---
Runtime: 8.75 seconds

--- Iteration 22/30 ---
Computed exact values in 0.14199090003967285 seconds
--- Approximator: PermutationSamplingSII ---
Runtime: 0.35 seconds
--- Approximator: SHAPIQ ---
Runtime: 10.83 seconds
--- Approximator: SVARMIQ ---
Runtime: 1265.80 seconds
--- Approximator: KernelSHAPIQ ---
Runtime: 37.97 seconds
--- Approximator: PermutationIQ ---
Runtime: 7.27 seconds
--- Approximator: PermutationIQStratified ---
Runtime: 8.70 seconds

--- Iteration 23/30 ---
Computed exact values in 0.11536216735839844 seconds
--- Approximator: PermutationSamplingSII ---
Runtime: 0.35 seconds
--- Approximator: SHAPIQ ---
Runtime: 10.73 seconds
--- Approximator: SVARMIQ ---
Runtime: 1265.56 seconds
--- Approximator: KernelSHAPIQ ---
Runtime: 38.38 seconds
--- Approximator: PermutationIQ ---
Runtime: 7.35 seconds
--- Approximator: PermutationIQStratified ---
Runtime: 8.77 seconds

--- Iteration 24/30 ---
Computed exact values in 0.12892961502075195 seconds
--- Approximator: PermutationSamplingSII ---
Runtime: 0.35 seconds
--- Approximator: SHAPIQ ---
Runtime: 11.08 seconds
--- Approximator: SVARMIQ ---
Runtime: 1264.55 seconds
--- Approximator: KernelSHAPIQ ---
Runtime: 39.20 seconds
--- Approximator: PermutationIQ ---
Runtime: 8.76 seconds
--- Approximator: PermutationIQStratified ---
Runtime: 8.80 seconds

--- Iteration 25/30 ---
Computed exact values in 0.1333942413330078 seconds
--- Approximator: PermutationSamplingSII ---
Runtime: 0.35 seconds
--- Approximator: SHAPIQ ---
Runtime: 10.90 seconds
--- Approximator: SVARMIQ ---
Runtime: 1328.36 seconds
--- Approximator: KernelSHAPIQ ---
Runtime: 40.58 seconds
--- Approximator: PermutationIQ ---
Runtime: 8.34 seconds
--- Approximator: PermutationIQStratified ---
Runtime: 10.61 seconds

--- Iteration 26/30 ---
Computed exact values in 0.15044546127319336 seconds
--- Approximator: PermutationSamplingSII ---
Runtime: 0.37 seconds
--- Approximator: SHAPIQ ---
Runtime: 14.47 seconds
--- Approximator: SVARMIQ ---
Runtime: 1381.34 seconds
--- Approximator: KernelSHAPIQ ---
Runtime: 45.42 seconds
--- Approximator: PermutationIQ ---
Runtime: 7.87 seconds
--- Approximator: PermutationIQStratified ---
Runtime: 9.30 seconds

--- Iteration 27/30 ---
Computed exact values in 0.11454176902770996 seconds
--- Approximator: PermutationSamplingSII ---
Runtime: 0.35 seconds
--- Approximator: SHAPIQ ---
Runtime: 12.35 seconds
--- Approximator: SVARMIQ ---
Runtime: 1380.81 seconds
--- Approximator: KernelSHAPIQ ---
Runtime: 43.32 seconds
--- Approximator: PermutationIQ ---
Runtime: 8.04 seconds
--- Approximator: PermutationIQStratified ---
Runtime: 10.19 seconds

--- Iteration 28/30 ---
Computed exact values in 0.14941930770874023 seconds
--- Approximator: PermutationSamplingSII ---
Runtime: 0.37 seconds
--- Approximator: SHAPIQ ---
Runtime: 14.49 seconds
--- Approximator: SVARMIQ ---
Runtime: 1376.69 seconds
--- Approximator: KernelSHAPIQ ---
Runtime: 39.86 seconds
--- Approximator: PermutationIQ ---
Runtime: 7.76 seconds
--- Approximator: PermutationIQStratified ---
Runtime: 10.34 seconds

--- Iteration 29/30 ---
Computed exact values in 0.1384141445159912 seconds
--- Approximator: PermutationSamplingSII ---
Runtime: 0.39 seconds
--- Approximator: SHAPIQ ---
Runtime: 14.65 seconds
--- Approximator: SVARMIQ ---
Runtime: 1363.50 seconds
--- Approximator: KernelSHAPIQ ---
Runtime: 42.87 seconds
--- Approximator: PermutationIQ ---
Runtime: 7.94 seconds
--- Approximator: PermutationIQStratified ---
Runtime: 10.60 seconds

--- Iteration 30/30 ---
Computed exact values in 0.1439218521118164 seconds
--- Approximator: PermutationSamplingSII ---
Runtime: 0.37 seconds
--- Approximator: SHAPIQ ---
Runtime: 11.86 seconds
--- Approximator: SVARMIQ ---
Runtime: 1348.48 seconds
--- Approximator: KernelSHAPIQ ---
Runtime: 49.69 seconds
--- Approximator: PermutationIQ ---
Runtime: 7.98 seconds
--- Approximator: PermutationIQStratified ---
Runtime: 10.55 seconds

--- n = 50 ---
--- Iteration 1/30 ---
Computed exact values in 0.7245068550109863 seconds
--- Approximator: PermutationSamplingSII ---
Runtime: 0.53 seconds
--- Approximator: SHAPIQ ---
Runtime: 87.98 seconds
--- Approximator: SVARMIQ ---
Timed out after 3600.0015840530396 seconds, approximator SVARMIQ will be skipped for further iterations.
--- Approximator: KernelSHAPIQ ---
Runtime: 678.48 seconds
--- Approximator: PermutationIQ ---
Runtime: 20.85 seconds
--- Approximator: PermutationIQStratified ---
Runtime: 29.41 seconds

--- Iteration 2/30 ---
Computed exact values in 0.7052249908447266 seconds
--- Approximator: PermutationSamplingSII ---
Runtime: 0.50 seconds
--- Approximator: SHAPIQ ---
Runtime: 88.29 seconds
--- Approximator: SVARMIQ skipped due to previous timeout ---
--- Approximator: KernelSHAPIQ ---
Runtime: 677.61 seconds
--- Approximator: PermutationIQ ---
Runtime: 21.59 seconds
--- Approximator: PermutationIQStratified ---
Runtime: 33.51 seconds

--- Iteration 3/30 ---
Computed exact values in 0.8265955448150635 seconds
--- Approximator: PermutationSamplingSII ---
Runtime: 0.52 seconds
--- Approximator: SHAPIQ ---
Runtime: 98.14 seconds
--- Approximator: SVARMIQ skipped due to previous timeout ---
--- Approximator: KernelSHAPIQ ---
Runtime: 678.99 seconds
--- Approximator: PermutationIQ ---
Runtime: 22.06 seconds
--- Approximator: PermutationIQStratified ---
Runtime: 32.21 seconds

--- Iteration 4/30 ---
Computed exact values in 0.7854280471801758 seconds
--- Approximator: PermutationSamplingSII ---
Runtime: 0.53 seconds
--- Approximator: SHAPIQ ---
Runtime: 89.43 seconds
--- Approximator: SVARMIQ skipped due to previous timeout ---
--- Approximator: KernelSHAPIQ ---
Runtime: 671.45 seconds
--- Approximator: PermutationIQ ---
Runtime: 23.30 seconds
--- Approximator: PermutationIQStratified ---
Runtime: 34.69 seconds

--- Iteration 5/30 ---
Computed exact values in 1.0380146503448486 seconds
--- Approximator: PermutationSamplingSII ---
Runtime: 0.55 seconds
--- Approximator: SHAPIQ ---
Runtime: 90.08 seconds
--- Approximator: SVARMIQ skipped due to previous timeout ---
--- Approximator: KernelSHAPIQ ---
Runtime: 629.84 seconds
--- Approximator: PermutationIQ ---
Runtime: 21.97 seconds
--- Approximator: PermutationIQStratified ---
Runtime: 30.76 seconds

--- Iteration 6/30 ---
Computed exact values in 0.6876471042633057 seconds
--- Approximator: PermutationSamplingSII ---
Runtime: 0.51 seconds
--- Approximator: SHAPIQ ---
Runtime: 94.71 seconds
--- Approximator: SVARMIQ skipped due to previous timeout ---
--- Approximator: KernelSHAPIQ ---
Runtime: 679.08 seconds
--- Approximator: PermutationIQ ---
Runtime: 20.73 seconds
--- Approximator: PermutationIQStratified ---
Runtime: 29.14 seconds

--- Iteration 7/30 ---
Computed exact values in 0.685539960861206 seconds
--- Approximator: PermutationSamplingSII ---
Runtime: 0.50 seconds
--- Approximator: SHAPIQ ---
Runtime: 94.52 seconds
--- Approximator: SVARMIQ skipped due to previous timeout ---
--- Approximator: KernelSHAPIQ ---
Runtime: 681.38 seconds
--- Approximator: PermutationIQ ---
Runtime: 22.13 seconds
--- Approximator: PermutationIQStratified ---
Runtime: 36.32 seconds

--- Iteration 8/30 ---
Computed exact values in 0.7696738243103027 seconds
--- Approximator: PermutationSamplingSII ---
Runtime: 0.53 seconds
--- Approximator: SHAPIQ ---
Runtime: 93.29 seconds
--- Approximator: SVARMIQ skipped due to previous timeout ---
--- Approximator: KernelSHAPIQ ---
Runtime: 660.17 seconds
--- Approximator: PermutationIQ ---
Runtime: 21.98 seconds
--- Approximator: PermutationIQStratified ---
Runtime: 35.04 seconds

--- Iteration 9/30 ---
Computed exact values in 0.8040258884429932 seconds
--- Approximator: PermutationSamplingSII ---
Runtime: 0.54 seconds
--- Approximator: SHAPIQ ---
Runtime: 92.23 seconds
--- Approximator: SVARMIQ skipped due to previous timeout ---
--- Approximator: KernelSHAPIQ ---
Runtime: 685.60 seconds
--- Approximator: PermutationIQ ---
Runtime: 23.50 seconds
--- Approximator: PermutationIQStratified ---
Runtime: 36.75 seconds

--- Iteration 10/30 ---
Computed exact values in 0.8070027828216553 seconds
--- Approximator: PermutationSamplingSII ---
Runtime: 0.52 seconds
--- Approximator: SHAPIQ ---
Runtime: 71.87 seconds
--- Approximator: SVARMIQ skipped due to previous timeout ---
--- Approximator: KernelSHAPIQ ---
Runtime: 668.85 seconds
--- Approximator: PermutationIQ ---
Runtime: 21.52 seconds
--- Approximator: PermutationIQStratified ---
Runtime: 35.38 seconds

--- Iteration 11/30 ---
Computed exact values in 0.6949570178985596 seconds
--- Approximator: PermutationSamplingSII ---
Runtime: 0.51 seconds
--- Approximator: SHAPIQ ---
Runtime: 95.49 seconds
--- Approximator: SVARMIQ skipped due to previous timeout ---
--- Approximator: KernelSHAPIQ ---
Runtime: 657.77 seconds
--- Approximator: PermutationIQ ---
Runtime: 22.47 seconds
--- Approximator: PermutationIQStratified ---
Runtime: 34.48 seconds

--- Iteration 12/30 ---
Computed exact values in 0.766660213470459 seconds
--- Approximator: PermutationSamplingSII ---
Runtime: 0.53 seconds
--- Approximator: SHAPIQ ---
Runtime: 91.68 seconds
--- Approximator: SVARMIQ skipped due to previous timeout ---
--- Approximator: KernelSHAPIQ ---
Runtime: 679.71 seconds
--- Approximator: PermutationIQ ---
Runtime: 21.95 seconds
--- Approximator: PermutationIQStratified ---
Runtime: 28.79 seconds

--- Iteration 13/30 ---
Computed exact values in 0.7350344657897949 seconds
--- Approximator: PermutationSamplingSII ---
Runtime: 0.50 seconds
--- Approximator: SHAPIQ ---
Runtime: 84.51 seconds
--- Approximator: SVARMIQ skipped due to previous timeout ---
--- Approximator: KernelSHAPIQ ---
Runtime: 657.83 seconds
--- Approximator: PermutationIQ ---
Runtime: 21.60 seconds
--- Approximator: PermutationIQStratified ---
Runtime: 34.40 seconds

--- Iteration 14/30 ---
Computed exact values in 1.026796817779541 seconds
--- Approximator: PermutationSamplingSII ---
Runtime: 0.55 seconds
--- Approximator: SHAPIQ ---
Runtime: 91.84 seconds
--- Approximator: SVARMIQ skipped due to previous timeout ---
--- Approximator: KernelSHAPIQ ---
Runtime: 650.41 seconds
--- Approximator: PermutationIQ ---
Runtime: 21.68 seconds
--- Approximator: PermutationIQStratified ---
Runtime: 33.75 seconds

--- Iteration 15/30 ---
Computed exact values in 0.8134891986846924 seconds
--- Approximator: PermutationSamplingSII ---
Runtime: 0.52 seconds
--- Approximator: SHAPIQ ---
Runtime: 87.61 seconds
--- Approximator: SVARMIQ skipped due to previous timeout ---
--- Approximator: KernelSHAPIQ ---
Runtime: 702.98 seconds
--- Approximator: PermutationIQ ---
Runtime: 29.00 seconds
--- Approximator: PermutationIQStratified ---
Runtime: 52.10 seconds

--- Iteration 16/30 ---
Computed exact values in 1.2051749229431152 seconds
--- Approximator: PermutationSamplingSII ---
Runtime: 0.59 seconds
--- Approximator: SHAPIQ ---
Runtime: 152.78 seconds
--- Approximator: SVARMIQ skipped due to previous timeout ---
--- Approximator: KernelSHAPIQ ---
Runtime: 954.64 seconds
--- Approximator: PermutationIQ ---
Runtime: 26.98 seconds
--- Approximator: PermutationIQStratified ---
Runtime: 48.87 seconds

--- Iteration 17/30 ---
Computed exact values in 1.11081862449646 seconds
--- Approximator: PermutationSamplingSII ---
Runtime: 0.59 seconds
--- Approximator: SHAPIQ ---
Runtime: 92.85 seconds
--- Approximator: SVARMIQ skipped due to previous timeout ---
--- Approximator: KernelSHAPIQ ---
Runtime: 686.80 seconds
--- Approximator: PermutationIQ ---
Runtime: 24.04 seconds
--- Approximator: PermutationIQStratified ---
Runtime: 33.95 seconds

--- Iteration 18/30 ---
Computed exact values in 0.8235306739807129 seconds
--- Approximator: PermutationSamplingSII ---
Runtime: 0.53 seconds
--- Approximator: SHAPIQ ---
Runtime: 115.33 seconds
--- Approximator: SVARMIQ skipped due to previous timeout ---
--- Approximator: KernelSHAPIQ ---
Runtime: 697.23 seconds
--- Approximator: PermutationIQ ---
Runtime: 25.09 seconds
--- Approximator: PermutationIQStratified ---
Runtime: 55.42 seconds

--- Iteration 19/30 ---
Computed exact values in 1.328597068786621 seconds
--- Approximator: PermutationSamplingSII ---
Runtime: 0.61 seconds
--- Approximator: SHAPIQ ---
Runtime: 90.95 seconds
--- Approximator: SVARMIQ skipped due to previous timeout ---
--- Approximator: KernelSHAPIQ ---
Runtime: 712.96 seconds
--- Approximator: PermutationIQ ---
Runtime: 21.24 seconds
--- Approximator: PermutationIQStratified ---
Runtime: 32.79 seconds

--- Iteration 20/30 ---
Computed exact values in 0.8643476963043213 seconds
--- Approximator: PermutationSamplingSII ---
Runtime: 0.59 seconds
--- Approximator: SHAPIQ ---
Runtime: 95.89 seconds
--- Approximator: SVARMIQ skipped due to previous timeout ---
--- Approximator: KernelSHAPIQ ---
Runtime: 675.95 seconds
--- Approximator: PermutationIQ ---
Runtime: 21.85 seconds
--- Approximator: PermutationIQStratified ---
Runtime: 33.26 seconds

--- Iteration 21/30 ---
Computed exact values in 0.8749439716339111 seconds
--- Approximator: PermutationSamplingSII ---
Runtime: 0.53 seconds
--- Approximator: SHAPIQ ---
Runtime: 85.17 seconds
--- Approximator: SVARMIQ skipped due to previous timeout ---
--- Approximator: KernelSHAPIQ ---
Runtime: 673.43 seconds
--- Approximator: PermutationIQ ---
Runtime: 21.43 seconds
--- Approximator: PermutationIQStratified ---
Runtime: 32.94 seconds

--- Iteration 22/30 ---
Computed exact values in 0.8032712936401367 seconds
--- Approximator: PermutationSamplingSII ---
Runtime: 0.54 seconds
--- Approximator: SHAPIQ ---
Runtime: 85.27 seconds
--- Approximator: SVARMIQ skipped due to previous timeout ---
--- Approximator: KernelSHAPIQ ---
Runtime: 689.63 seconds
--- Approximator: PermutationIQ ---
Runtime: 21.84 seconds
--- Approximator: PermutationIQStratified ---
Runtime: 33.37 seconds

--- Iteration 23/30 ---
Computed exact values in 0.7085809707641602 seconds
--- Approximator: PermutationSamplingSII ---
Runtime: 0.54 seconds
--- Approximator: SHAPIQ ---
Runtime: 93.65 seconds
--- Approximator: SVARMIQ skipped due to previous timeout ---
--- Approximator: KernelSHAPIQ ---
Runtime: 701.68 seconds
--- Approximator: PermutationIQ ---
Runtime: 21.20 seconds
--- Approximator: PermutationIQStratified ---
Runtime: 33.52 seconds

--- Iteration 24/30 ---
Computed exact values in 0.7939774990081787 seconds
--- Approximator: PermutationSamplingSII ---
Runtime: 0.54 seconds
--- Approximator: SHAPIQ ---
Runtime: 94.31 seconds
--- Approximator: SVARMIQ skipped due to previous timeout ---
--- Approximator: KernelSHAPIQ ---
Runtime: 694.66 seconds
--- Approximator: PermutationIQ ---
Runtime: 19.93 seconds
--- Approximator: PermutationIQStratified ---
Runtime: 29.97 seconds

--- Iteration 25/30 ---
Computed exact values in 0.7185113430023193 seconds
--- Approximator: PermutationSamplingSII ---
Runtime: 0.52 seconds
--- Approximator: SHAPIQ ---
Runtime: 91.82 seconds
--- Approximator: SVARMIQ skipped due to previous timeout ---
--- Approximator: KernelSHAPIQ ---
Runtime: 704.33 seconds
--- Approximator: PermutationIQ ---
Runtime: 21.77 seconds
--- Approximator: PermutationIQStratified ---
Runtime: 34.60 seconds

--- Iteration 26/30 ---
Computed exact values in 0.8030877113342285 seconds
--- Approximator: PermutationSamplingSII ---
Runtime: 0.54 seconds
--- Approximator: SHAPIQ ---
Runtime: 93.23 seconds
--- Approximator: SVARMIQ skipped due to previous timeout ---
--- Approximator: KernelSHAPIQ ---
Runtime: 682.78 seconds
--- Approximator: PermutationIQ ---
Runtime: 21.83 seconds
--- Approximator: PermutationIQStratified ---
Runtime: 33.42 seconds

--- Iteration 27/30 ---
Computed exact values in 0.9124958515167236 seconds
--- Approximator: PermutationSamplingSII ---
Runtime: 0.53 seconds
--- Approximator: SHAPIQ ---
Runtime: 92.34 seconds
--- Approximator: SVARMIQ skipped due to previous timeout ---
--- Approximator: KernelSHAPIQ ---
Runtime: 717.54 seconds
--- Approximator: PermutationIQ ---
Runtime: 23.07 seconds
--- Approximator: PermutationIQStratified ---
Runtime: 37.19 seconds

--- Iteration 28/30 ---
Computed exact values in 1.022902011871338 seconds
--- Approximator: PermutationSamplingSII ---
Runtime: 0.54 seconds
--- Approximator: SHAPIQ ---
Runtime: 101.89 seconds
--- Approximator: SVARMIQ skipped due to previous timeout ---
--- Approximator: KernelSHAPIQ ---
Runtime: 760.34 seconds
--- Approximator: PermutationIQ ---
Runtime: 20.66 seconds
--- Approximator: PermutationIQStratified ---
Runtime: 34.47 seconds

--- Iteration 29/30 ---
Computed exact values in 0.8023166656494141 seconds
--- Approximator: PermutationSamplingSII ---
Runtime: 0.55 seconds
--- Approximator: SHAPIQ ---
Runtime: 92.49 seconds
--- Approximator: SVARMIQ skipped due to previous timeout ---
--- Approximator: KernelSHAPIQ ---
Runtime: 733.12 seconds
--- Approximator: PermutationIQ ---
Runtime: 22.77 seconds
--- Approximator: PermutationIQStratified ---
Runtime: 33.83 seconds

--- Iteration 30/30 ---
Computed exact values in 0.6979515552520752 seconds
--- Approximator: PermutationSamplingSII ---
Runtime: 0.52 seconds
--- Approximator: SHAPIQ ---
Runtime: 92.00 seconds
--- Approximator: SVARMIQ skipped due to previous timeout ---
--- Approximator: KernelSHAPIQ ---
Runtime: 738.17 seconds
--- Approximator: PermutationIQ ---
Runtime: 22.37 seconds
--- Approximator: PermutationIQStratified ---
Runtime: 36.23 seconds

--- n = 70 ---
--- Iteration 1/30 ---
Computed exact values in 2.2802584171295166 seconds
--- Approximator: PermutationSamplingSII ---
Runtime: 0.74 seconds
--- Approximator: SHAPIQ ---
Runtime: 365.72 seconds
--- Approximator: SVARMIQ skipped due to previous timeout ---
--- Approximator: KernelSHAPIQ ---
Timed out after 5483.281840085983 seconds, approximator KernelSHAPIQ will be skipped for further iterations.
--- Approximator: PermutationIQ ---
Runtime: 43.00 seconds
--- Approximator: PermutationIQStratified ---
Runtime: 94.03 seconds

--- Iteration 2/30 ---
Computed exact values in 3.358287811279297 seconds
--- Approximator: PermutationSamplingSII ---
Runtime: 0.75 seconds
--- Approximator: SHAPIQ ---
Runtime: 346.56 seconds
--- Approximator: SVARMIQ skipped due to previous timeout ---
--- Approximator: KernelSHAPIQ skipped due to previous timeout ---
--- Approximator: PermutationIQ ---
Runtime: 43.37 seconds
--- Approximator: PermutationIQStratified ---
Runtime: 74.15 seconds

--- Iteration 3/30 ---
Computed exact values in 2.5736944675445557 seconds
--- Approximator: PermutationSamplingSII ---
Runtime: 0.73 seconds
--- Approximator: SHAPIQ ---
Runtime: 359.55 seconds
--- Approximator: SVARMIQ skipped due to previous timeout ---
--- Approximator: KernelSHAPIQ skipped due to previous timeout ---
--- Approximator: PermutationIQ ---
Runtime: 43.30 seconds
--- Approximator: PermutationIQStratified ---
Runtime: 79.18 seconds

--- Iteration 4/30 ---
Computed exact values in 2.5143845081329346 seconds
--- Approximator: PermutationSamplingSII ---
Runtime: 0.72 seconds
--- Approximator: SHAPIQ ---
Runtime: 352.87 seconds
--- Approximator: SVARMIQ skipped due to previous timeout ---
--- Approximator: KernelSHAPIQ skipped due to previous timeout ---
--- Approximator: PermutationIQ ---
Runtime: 44.25 seconds
--- Approximator: PermutationIQStratified ---
Runtime: 79.34 seconds

--- Iteration 5/30 ---
Computed exact values in 2.784088611602783 seconds
--- Approximator: PermutationSamplingSII ---
Runtime: 0.74 seconds
--- Approximator: SHAPIQ ---
Runtime: 366.27 seconds
--- Approximator: SVARMIQ skipped due to previous timeout ---
--- Approximator: KernelSHAPIQ skipped due to previous timeout ---
--- Approximator: PermutationIQ ---
Runtime: 43.28 seconds
--- Approximator: PermutationIQStratified ---
Runtime: 78.25 seconds

--- Iteration 6/30 ---
Computed exact values in 2.4984400272369385 seconds
--- Approximator: PermutationSamplingSII ---
Runtime: 0.71 seconds
--- Approximator: SHAPIQ ---
Runtime: 390.49 seconds
--- Approximator: SVARMIQ skipped due to previous timeout ---
--- Approximator: KernelSHAPIQ skipped due to previous timeout ---
--- Approximator: PermutationIQ ---
Runtime: 43.36 seconds
--- Approximator: PermutationIQStratified ---
Runtime: 79.84 seconds

--- Iteration 7/30 ---
Computed exact values in 2.8442015647888184 seconds
--- Approximator: PermutationSamplingSII ---
Runtime: 0.72 seconds
--- Approximator: SHAPIQ ---
Runtime: 366.16 seconds
--- Approximator: SVARMIQ skipped due to previous timeout ---
--- Approximator: KernelSHAPIQ skipped due to previous timeout ---
--- Approximator: PermutationIQ ---
Runtime: 44.19 seconds
--- Approximator: PermutationIQStratified ---
Runtime: 77.91 seconds

--- Iteration 8/30 ---
Computed exact values in 2.471392869949341 seconds
--- Approximator: PermutationSamplingSII ---
Runtime: 0.70 seconds
--- Approximator: SHAPIQ ---
Runtime: 280.07 seconds
--- Approximator: SVARMIQ skipped due to previous timeout ---
--- Approximator: KernelSHAPIQ skipped due to previous timeout ---
--- Approximator: PermutationIQ ---
Runtime: 41.03 seconds
--- Approximator: PermutationIQStratified ---
Runtime: 67.15 seconds

--- Iteration 9/30 ---
Computed exact values in 2.0806243419647217 seconds
--- Approximator: PermutationSamplingSII ---
Runtime: 0.63 seconds
--- Approximator: SHAPIQ ---
Runtime: 306.64 seconds
--- Approximator: SVARMIQ skipped due to previous timeout ---
--- Approximator: KernelSHAPIQ skipped due to previous timeout ---
--- Approximator: PermutationIQ ---
Runtime: 43.02 seconds
--- Approximator: PermutationIQStratified ---
Runtime: 77.15 seconds

--- Iteration 10/30 ---
Computed exact values in 2.0032269954681396 seconds
--- Approximator: PermutationSamplingSII ---
Runtime: 0.64 seconds
--- Approximator: SHAPIQ ---
Runtime: 322.86 seconds
--- Approximator: SVARMIQ skipped due to previous timeout ---
--- Approximator: KernelSHAPIQ skipped due to previous timeout ---
--- Approximator: PermutationIQ ---
Runtime: 43.46 seconds
--- Approximator: PermutationIQStratified ---
Runtime: 72.60 seconds

--- Iteration 11/30 ---
Computed exact values in 2.020742654800415 seconds
--- Approximator: PermutationSamplingSII ---
Runtime: 0.69 seconds
--- Approximator: SHAPIQ ---
Runtime: 316.77 seconds
--- Approximator: SVARMIQ skipped due to previous timeout ---
--- Approximator: KernelSHAPIQ skipped due to previous timeout ---
--- Approximator: PermutationIQ ---
Runtime: 43.31 seconds
--- Approximator: PermutationIQStratified ---
Runtime: 73.45 seconds

--- Iteration 12/30 ---
Computed exact values in 2.977968454360962 seconds
--- Approximator: PermutationSamplingSII ---
Runtime: 0.70 seconds
--- Approximator: SHAPIQ ---
Runtime: 329.55 seconds
--- Approximator: SVARMIQ skipped due to previous timeout ---
--- Approximator: KernelSHAPIQ skipped due to previous timeout ---
--- Approximator: PermutationIQ ---
Runtime: 42.87 seconds
--- Approximator: PermutationIQStratified ---
Runtime: 75.73 seconds

--- Iteration 13/30 ---
Computed exact values in 2.3464181423187256 seconds
--- Approximator: PermutationSamplingSII ---
Runtime: 0.71 seconds
--- Approximator: SHAPIQ ---
Runtime: 335.48 seconds
--- Approximator: SVARMIQ skipped due to previous timeout ---
--- Approximator: KernelSHAPIQ skipped due to previous timeout ---
--- Approximator: PermutationIQ ---
Runtime: 44.78 seconds
--- Approximator: PermutationIQStratified ---
Runtime: 76.04 seconds

--- Iteration 14/30 ---
Computed exact values in 2.5937068462371826 seconds
--- Approximator: PermutationSamplingSII ---
Runtime: 0.69 seconds
--- Approximator: SHAPIQ ---
Runtime: 380.79 seconds
--- Approximator: SVARMIQ skipped due to previous timeout ---
--- Approximator: KernelSHAPIQ skipped due to previous timeout ---
--- Approximator: PermutationIQ ---
Runtime: 43.33 seconds
--- Approximator: PermutationIQStratified ---
Runtime: 79.39 seconds

--- Iteration 15/30 ---
Computed exact values in 2.7071211338043213 seconds
--- Approximator: PermutationSamplingSII ---
Runtime: 0.69 seconds
--- Approximator: SHAPIQ ---
Runtime: 338.68 seconds
--- Approximator: SVARMIQ skipped due to previous timeout ---
--- Approximator: KernelSHAPIQ skipped due to previous timeout ---
--- Approximator: PermutationIQ ---
Runtime: 43.91 seconds
--- Approximator: PermutationIQStratified ---
Runtime: 73.44 seconds

--- Iteration 16/30 ---
Computed exact values in 2.389713764190674 seconds
--- Approximator: PermutationSamplingSII ---
Runtime: 0.69 seconds
--- Approximator: SHAPIQ ---
Runtime: 325.00 seconds
--- Approximator: SVARMIQ skipped due to previous timeout ---
--- Approximator: KernelSHAPIQ skipped due to previous timeout ---
--- Approximator: PermutationIQ ---
Runtime: 40.14 seconds
--- Approximator: PermutationIQStratified ---
Runtime: 76.24 seconds

--- Iteration 17/30 ---
Computed exact values in 2.111179828643799 seconds
--- Approximator: PermutationSamplingSII ---
Runtime: 0.69 seconds
--- Approximator: SHAPIQ ---
Runtime: 314.13 seconds
--- Approximator: SVARMIQ skipped due to previous timeout ---
--- Approximator: KernelSHAPIQ skipped due to previous timeout ---
--- Approximator: PermutationIQ ---
Runtime: 42.09 seconds
--- Approximator: PermutationIQStratified ---
Runtime: 75.04 seconds

--- Iteration 18/30 ---
Computed exact values in 2.7074403762817383 seconds
--- Approximator: PermutationSamplingSII ---
Runtime: 0.70 seconds
--- Approximator: SHAPIQ ---
Runtime: 315.36 seconds
--- Approximator: SVARMIQ skipped due to previous timeout ---
--- Approximator: KernelSHAPIQ skipped due to previous timeout ---
--- Approximator: PermutationIQ ---
Runtime: 42.97 seconds
--- Approximator: PermutationIQStratified ---
Runtime: 75.73 seconds

--- Iteration 19/30 ---
Computed exact values in 1.934589147567749 seconds
--- Approximator: PermutationSamplingSII ---
Runtime: 0.65 seconds
--- Approximator: SHAPIQ ---
Runtime: 324.77 seconds
--- Approximator: SVARMIQ skipped due to previous timeout ---
--- Approximator: KernelSHAPIQ skipped due to previous timeout ---
--- Approximator: PermutationIQ ---
Runtime: 42.77 seconds
--- Approximator: PermutationIQStratified ---
Runtime: 73.44 seconds

--- Iteration 20/30 ---
Computed exact values in 2.9989118576049805 seconds
--- Approximator: PermutationSamplingSII ---
Runtime: 0.70 seconds
--- Approximator: SHAPIQ ---
Runtime: 343.78 seconds
--- Approximator: SVARMIQ skipped due to previous timeout ---
--- Approximator: KernelSHAPIQ skipped due to previous timeout ---
--- Approximator: PermutationIQ ---
Runtime: 42.26 seconds
--- Approximator: PermutationIQStratified ---
Runtime: 76.70 seconds

--- Iteration 21/30 ---
Computed exact values in 2.2346155643463135 seconds
--- Approximator: PermutationSamplingSII ---
Runtime: 0.70 seconds
--- Approximator: SHAPIQ ---
Runtime: 328.19 seconds
--- Approximator: SVARMIQ skipped due to previous timeout ---
--- Approximator: KernelSHAPIQ skipped due to previous timeout ---
--- Approximator: PermutationIQ ---
Runtime: 40.91 seconds
--- Approximator: PermutationIQStratified ---
Runtime: 69.56 seconds

--- Iteration 22/30 ---
Computed exact values in 2.400684356689453 seconds
--- Approximator: PermutationSamplingSII ---
Runtime: 0.65 seconds
--- Approximator: SHAPIQ ---
Runtime: 250.17 seconds
--- Approximator: SVARMIQ skipped due to previous timeout ---
--- Approximator: KernelSHAPIQ skipped due to previous timeout ---
--- Approximator: PermutationIQ ---
Runtime: 40.32 seconds
--- Approximator: PermutationIQStratified ---
Runtime: 65.40 seconds

--- Iteration 23/30 ---
Computed exact values in 1.9450101852416992 seconds
--- Approximator: PermutationSamplingSII ---
Runtime: 0.64 seconds
--- Approximator: SHAPIQ ---
Runtime: 235.21 seconds
--- Approximator: SVARMIQ skipped due to previous timeout ---
--- Approximator: KernelSHAPIQ skipped due to previous timeout ---
--- Approximator: PermutationIQ ---
Runtime: 40.35 seconds
--- Approximator: PermutationIQStratified ---
Runtime: 69.96 seconds

--- Iteration 24/30 ---
Computed exact values in 2.478231430053711 seconds
--- Approximator: PermutationSamplingSII ---
Runtime: 0.64 seconds
--- Approximator: SHAPIQ ---
Runtime: 219.26 seconds
--- Approximator: SVARMIQ skipped due to previous timeout ---
--- Approximator: KernelSHAPIQ skipped due to previous timeout ---
--- Approximator: PermutationIQ ---
Runtime: 40.02 seconds
--- Approximator: PermutationIQStratified ---
Runtime: 65.89 seconds

--- Iteration 25/30 ---
Computed exact values in 2.2532804012298584 seconds
--- Approximator: PermutationSamplingSII ---
Runtime: 0.64 seconds
--- Approximator: SHAPIQ ---
Runtime: 225.92 seconds
--- Approximator: SVARMIQ skipped due to previous timeout ---
--- Approximator: KernelSHAPIQ skipped due to previous timeout ---
--- Approximator: PermutationIQ ---
Runtime: 40.34 seconds
--- Approximator: PermutationIQStratified ---
Runtime: 67.88 seconds

--- Iteration 26/30 ---
Computed exact values in 1.9988913536071777 seconds
--- Approximator: PermutationSamplingSII ---
Runtime: 0.64 seconds
--- Approximator: SHAPIQ ---
Runtime: 227.16 seconds
--- Approximator: SVARMIQ skipped due to previous timeout ---
--- Approximator: KernelSHAPIQ skipped due to previous timeout ---
--- Approximator: PermutationIQ ---
Runtime: 39.80 seconds
--- Approximator: PermutationIQStratified ---
Runtime: 67.41 seconds

--- Iteration 27/30 ---
Computed exact values in 2.111515760421753 seconds
--- Approximator: PermutationSamplingSII ---
Runtime: 0.63 seconds
--- Approximator: SHAPIQ ---
Runtime: 230.41 seconds
--- Approximator: SVARMIQ skipped due to previous timeout ---
--- Approximator: KernelSHAPIQ skipped due to previous timeout ---
--- Approximator: PermutationIQ ---
Runtime: 40.97 seconds
--- Approximator: PermutationIQStratified ---
Runtime: 67.40 seconds

--- Iteration 28/30 ---
Computed exact values in 2.237652540206909 seconds
--- Approximator: PermutationSamplingSII ---
Runtime: 0.63 seconds
--- Approximator: SHAPIQ ---
Runtime: 238.64 seconds
--- Approximator: SVARMIQ skipped due to previous timeout ---
--- Approximator: KernelSHAPIQ skipped due to previous timeout ---
--- Approximator: PermutationIQ ---
Runtime: 40.78 seconds
--- Approximator: PermutationIQStratified ---
Runtime: 66.08 seconds

--- Iteration 29/30 ---
Computed exact values in 2.173868417739868 seconds
--- Approximator: PermutationSamplingSII ---
Runtime: 0.64 seconds
--- Approximator: SHAPIQ ---
Runtime: 244.74 seconds
--- Approximator: SVARMIQ skipped due to previous timeout ---
--- Approximator: KernelSHAPIQ skipped due to previous timeout ---
--- Approximator: PermutationIQ ---
Runtime: 41.93 seconds
--- Approximator: PermutationIQStratified ---
Runtime: 69.02 seconds

--- Iteration 30/30 ---
Computed exact values in 2.208112955093384 seconds
--- Approximator: PermutationSamplingSII ---
Runtime: 0.65 seconds
--- Approximator: SHAPIQ ---
Runtime: 241.98 seconds
--- Approximator: SVARMIQ skipped due to previous timeout ---
--- Approximator: KernelSHAPIQ skipped due to previous timeout ---
--- Approximator: PermutationIQ ---
Runtime: 41.36 seconds
--- Approximator: PermutationIQStratified ---
Runtime: 70.68 seconds

--- n = 85 ---
--- Iteration 1/30 ---
Computed exact values in 3.1679153442382812 seconds
--- Approximator: PermutationSamplingSII ---
Runtime: 0.75 seconds
--- Approximator: SHAPIQ ---
Runtime: 492.95 seconds
--- Approximator: SVARMIQ skipped due to previous timeout ---
--- Approximator: KernelSHAPIQ skipped due to previous timeout ---
--- Approximator: PermutationIQ ---
Runtime: 64.62 seconds
--- Approximator: PermutationIQStratified ---
Runtime: 119.15 seconds

--- Iteration 2/30 ---
Computed exact values in 4.275583505630493 seconds
--- Approximator: PermutationSamplingSII ---
Runtime: 0.75 seconds
--- Approximator: SHAPIQ ---
Runtime: 494.41 seconds
--- Approximator: SVARMIQ skipped due to previous timeout ---
--- Approximator: KernelSHAPIQ skipped due to previous timeout ---
--- Approximator: PermutationIQ ---
Runtime: 63.73 seconds
--- Approximator: PermutationIQStratified ---
Runtime: 117.08 seconds

--- Iteration 3/30 ---
Computed exact values in 3.398198366165161 seconds
--- Approximator: PermutationSamplingSII ---
Runtime: 0.76 seconds
--- Approximator: SHAPIQ ---
Runtime: 503.98 seconds
--- Approximator: SVARMIQ skipped due to previous timeout ---
--- Approximator: KernelSHAPIQ skipped due to previous timeout ---
--- Approximator: PermutationIQ ---
Runtime: 65.06 seconds
--- Approximator: PermutationIQStratified ---
Runtime: 119.75 seconds

--- Iteration 4/30 ---
Computed exact values in 4.154582738876343 seconds
--- Approximator: PermutationSamplingSII ---
Runtime: 0.77 seconds
--- Approximator: SHAPIQ ---
Runtime: 505.73 seconds
--- Approximator: SVARMIQ skipped due to previous timeout ---
--- Approximator: KernelSHAPIQ skipped due to previous timeout ---
--- Approximator: PermutationIQ ---
Runtime: 65.31 seconds
--- Approximator: PermutationIQStratified ---
Runtime: 117.43 seconds

--- Iteration 5/30 ---
Computed exact values in 4.363734722137451 seconds
--- Approximator: PermutationSamplingSII ---
Runtime: 0.75 seconds
--- Approximator: SHAPIQ ---
Runtime: 488.14 seconds
--- Approximator: SVARMIQ skipped due to previous timeout ---
--- Approximator: KernelSHAPIQ skipped due to previous timeout ---
--- Approximator: PermutationIQ ---
Runtime: 64.33 seconds
--- Approximator: PermutationIQStratified ---
Runtime: 124.00 seconds

--- Iteration 6/30 ---
Computed exact values in 3.7543368339538574 seconds
--- Approximator: PermutationSamplingSII ---
Runtime: 0.75 seconds
--- Approximator: SHAPIQ ---
Runtime: 495.78 seconds
--- Approximator: SVARMIQ skipped due to previous timeout ---
--- Approximator: KernelSHAPIQ skipped due to previous timeout ---
--- Approximator: PermutationIQ ---
Runtime: 64.28 seconds
--- Approximator: PermutationIQStratified ---
Runtime: 115.52 seconds

--- Iteration 7/30 ---
Computed exact values in 3.5101282596588135 seconds
--- Approximator: PermutationSamplingSII ---
Runtime: 0.75 seconds
--- Approximator: SHAPIQ ---
Runtime: 521.76 seconds
--- Approximator: SVARMIQ skipped due to previous timeout ---
--- Approximator: KernelSHAPIQ skipped due to previous timeout ---
--- Approximator: PermutationIQ ---
Runtime: 65.74 seconds
--- Approximator: PermutationIQStratified ---
Runtime: 118.18 seconds

--- Iteration 8/30 ---
Computed exact values in 4.543665647506714 seconds
--- Approximator: PermutationSamplingSII ---
Runtime: 0.76 seconds
--- Approximator: SHAPIQ ---
Runtime: 489.51 seconds
--- Approximator: SVARMIQ skipped due to previous timeout ---
--- Approximator: KernelSHAPIQ skipped due to previous timeout ---
--- Approximator: PermutationIQ ---
Runtime: 65.22 seconds
--- Approximator: PermutationIQStratified ---
Runtime: 110.20 seconds

--- Iteration 9/30 ---
Computed exact values in 3.615016222000122 seconds
--- Approximator: PermutationSamplingSII ---
Runtime: 0.75 seconds
--- Approximator: SHAPIQ ---
Runtime: 487.36 seconds
--- Approximator: SVARMIQ skipped due to previous timeout ---
--- Approximator: KernelSHAPIQ skipped due to previous timeout ---
--- Approximator: PermutationIQ ---
Runtime: 65.06 seconds
--- Approximator: PermutationIQStratified ---
Runtime: 110.33 seconds

--- Iteration 10/30 ---
Computed exact values in 4.617197036743164 seconds
--- Approximator: PermutationSamplingSII ---
Runtime: 0.74 seconds
--- Approximator: SHAPIQ ---
Runtime: 456.72 seconds
--- Approximator: SVARMIQ skipped due to previous timeout ---
--- Approximator: KernelSHAPIQ skipped due to previous timeout ---
--- Approximator: PermutationIQ ---
Runtime: 65.54 seconds
--- Approximator: PermutationIQStratified ---
Runtime: 115.19 seconds

--- Iteration 11/30 ---
Computed exact values in 3.432041645050049 seconds
--- Approximator: PermutationSamplingSII ---
Runtime: 0.76 seconds
--- Approximator: SHAPIQ ---
Runtime: 468.32 seconds
--- Approximator: SVARMIQ skipped due to previous timeout ---
--- Approximator: KernelSHAPIQ skipped due to previous timeout ---
--- Approximator: PermutationIQ ---
Runtime: 64.57 seconds
--- Approximator: PermutationIQStratified ---
Runtime: 106.99 seconds

--- Iteration 12/30 ---
Computed exact values in 4.07978367805481 seconds
--- Approximator: PermutationSamplingSII ---
Runtime: 0.75 seconds
--- Approximator: SHAPIQ ---
Runtime: 462.05 seconds
--- Approximator: SVARMIQ skipped due to previous timeout ---
--- Approximator: KernelSHAPIQ skipped due to previous timeout ---
--- Approximator: PermutationIQ ---
Runtime: 64.36 seconds
--- Approximator: PermutationIQStratified ---
Runtime: 107.30 seconds

--- Iteration 13/30 ---
Computed exact values in 3.5731115341186523 seconds
--- Approximator: PermutationSamplingSII ---
Runtime: 0.74 seconds
--- Approximator: SHAPIQ ---
Runtime: 470.48 seconds
--- Approximator: SVARMIQ skipped due to previous timeout ---
--- Approximator: KernelSHAPIQ skipped due to previous timeout ---
--- Approximator: PermutationIQ ---
Runtime: 64.15 seconds
--- Approximator: PermutationIQStratified ---
Runtime: 110.81 seconds

--- Iteration 14/30 ---
Computed exact values in 4.131418466567993 seconds
--- Approximator: PermutationSamplingSII ---
Runtime: 0.75 seconds
--- Approximator: SHAPIQ ---
Runtime: 482.00 seconds
--- Approximator: SVARMIQ skipped due to previous timeout ---
--- Approximator: KernelSHAPIQ skipped due to previous timeout ---
--- Approximator: PermutationIQ ---
Runtime: 65.00 seconds
--- Approximator: PermutationIQStratified ---
Runtime: 110.34 seconds

--- Iteration 15/30 ---
Computed exact values in 4.300193548202515 seconds
--- Approximator: PermutationSamplingSII ---
Runtime: 0.76 seconds
--- Approximator: SHAPIQ ---
Runtime: 506.70 seconds
--- Approximator: SVARMIQ skipped due to previous timeout ---
--- Approximator: KernelSHAPIQ skipped due to previous timeout ---
--- Approximator: PermutationIQ ---
Runtime: 64.34 seconds
--- Approximator: PermutationIQStratified ---
Runtime: 110.85 seconds

--- Iteration 16/30 ---
Computed exact values in 4.058318138122559 seconds
--- Approximator: PermutationSamplingSII ---
Runtime: 0.76 seconds
--- Approximator: SHAPIQ ---
Runtime: 463.84 seconds
--- Approximator: SVARMIQ skipped due to previous timeout ---
--- Approximator: KernelSHAPIQ skipped due to previous timeout ---
--- Approximator: PermutationIQ ---
Runtime: 64.09 seconds
--- Approximator: PermutationIQStratified ---
Runtime: 106.17 seconds

--- Iteration 17/30 ---
Computed exact values in 4.018030881881714 seconds
--- Approximator: PermutationSamplingSII ---
Runtime: 0.75 seconds
--- Approximator: SHAPIQ ---
Runtime: 476.39 seconds
--- Approximator: SVARMIQ skipped due to previous timeout ---
--- Approximator: KernelSHAPIQ skipped due to previous timeout ---
--- Approximator: PermutationIQ ---
Runtime: 64.15 seconds
--- Approximator: PermutationIQStratified ---
Runtime: 108.09 seconds

--- Iteration 18/30 ---
Computed exact values in 4.199055910110474 seconds
--- Approximator: PermutationSamplingSII ---
Runtime: 0.75 seconds
--- Approximator: SHAPIQ ---
Runtime: 490.02 seconds
--- Approximator: SVARMIQ skipped due to previous timeout ---
--- Approximator: KernelSHAPIQ skipped due to previous timeout ---
--- Approximator: PermutationIQ ---
Runtime: 65.13 seconds
--- Approximator: PermutationIQStratified ---
Runtime: 110.93 seconds

--- Iteration 19/30 ---
Computed exact values in 3.9274606704711914 seconds
--- Approximator: PermutationSamplingSII ---
Runtime: 0.76 seconds
--- Approximator: SHAPIQ ---
Runtime: 504.70 seconds
--- Approximator: SVARMIQ skipped due to previous timeout ---
--- Approximator: KernelSHAPIQ skipped due to previous timeout ---
--- Approximator: PermutationIQ ---
Runtime: 65.17 seconds
--- Approximator: PermutationIQStratified ---
Runtime: 109.32 seconds

--- Iteration 20/30 ---
Computed exact values in 3.670692205429077 seconds
--- Approximator: PermutationSamplingSII ---
Runtime: 0.75 seconds
--- Approximator: SHAPIQ ---
Runtime: 460.62 seconds
--- Approximator: SVARMIQ skipped due to previous timeout ---
--- Approximator: KernelSHAPIQ skipped due to previous timeout ---
--- Approximator: PermutationIQ ---
Runtime: 64.40 seconds
--- Approximator: PermutationIQStratified ---
Runtime: 109.24 seconds

--- Iteration 21/30 ---
Computed exact values in 3.942629337310791 seconds
--- Approximator: PermutationSamplingSII ---
Runtime: 0.75 seconds
--- Approximator: SHAPIQ ---
Runtime: 476.00 seconds
--- Approximator: SVARMIQ skipped due to previous timeout ---
--- Approximator: KernelSHAPIQ skipped due to previous timeout ---
--- Approximator: PermutationIQ ---
Runtime: 64.15 seconds
--- Approximator: PermutationIQStratified ---
Runtime: 109.08 seconds

--- Iteration 22/30 ---
Computed exact values in 3.391761302947998 seconds
--- Approximator: PermutationSamplingSII ---
Runtime: 0.75 seconds
--- Approximator: SHAPIQ ---
Runtime: 462.48 seconds
--- Approximator: SVARMIQ skipped due to previous timeout ---
--- Approximator: KernelSHAPIQ skipped due to previous timeout ---
--- Approximator: PermutationIQ ---
Runtime: 64.62 seconds
--- Approximator: PermutationIQStratified ---
Runtime: 109.05 seconds

--- Iteration 23/30 ---
Computed exact values in 4.011456727981567 seconds
--- Approximator: PermutationSamplingSII ---
Runtime: 0.75 seconds
--- Approximator: SHAPIQ ---
Runtime: 463.33 seconds
--- Approximator: SVARMIQ skipped due to previous timeout ---
--- Approximator: KernelSHAPIQ skipped due to previous timeout ---
--- Approximator: PermutationIQ ---
Runtime: 63.97 seconds
--- Approximator: PermutationIQStratified ---
Runtime: 108.20 seconds

--- Iteration 24/30 ---
Computed exact values in 3.707390308380127 seconds
--- Approximator: PermutationSamplingSII ---
Runtime: 0.75 seconds
--- Approximator: SHAPIQ ---
Runtime: 466.01 seconds
--- Approximator: SVARMIQ skipped due to previous timeout ---
--- Approximator: KernelSHAPIQ skipped due to previous timeout ---
--- Approximator: PermutationIQ ---
Runtime: 64.31 seconds
--- Approximator: PermutationIQStratified ---
Runtime: 107.68 seconds

--- Iteration 25/30 ---
Computed exact values in 3.2470152378082275 seconds
--- Approximator: PermutationSamplingSII ---
Runtime: 0.75 seconds
--- Approximator: SHAPIQ ---
Runtime: 470.43 seconds
--- Approximator: SVARMIQ skipped due to previous timeout ---
--- Approximator: KernelSHAPIQ skipped due to previous timeout ---
--- Approximator: PermutationIQ ---
Runtime: 66.26 seconds
--- Approximator: PermutationIQStratified ---
Runtime: 111.92 seconds

--- Iteration 26/30 ---
Computed exact values in 3.9309427738189697 seconds
--- Approximator: PermutationSamplingSII ---
Runtime: 0.75 seconds
--- Approximator: SHAPIQ ---
Runtime: 479.84 seconds
--- Approximator: SVARMIQ skipped due to previous timeout ---
--- Approximator: KernelSHAPIQ skipped due to previous timeout ---
--- Approximator: PermutationIQ ---
Runtime: 64.33 seconds
--- Approximator: PermutationIQStratified ---
Runtime: 108.62 seconds

--- Iteration 27/30 ---
Computed exact values in 3.4496874809265137 seconds
--- Approximator: PermutationSamplingSII ---
Runtime: 0.82 seconds
--- Approximator: SHAPIQ ---
Runtime: 472.83 seconds
--- Approximator: SVARMIQ skipped due to previous timeout ---
--- Approximator: KernelSHAPIQ skipped due to previous timeout ---
--- Approximator: PermutationIQ ---
Runtime: 63.80 seconds
--- Approximator: PermutationIQStratified ---
Runtime: 110.03 seconds

--- Iteration 28/30 ---
Computed exact values in 3.762260675430298 seconds
--- Approximator: PermutationSamplingSII ---
Runtime: 0.75 seconds
--- Approximator: SHAPIQ ---
Runtime: 469.72 seconds
--- Approximator: SVARMIQ skipped due to previous timeout ---
--- Approximator: KernelSHAPIQ skipped due to previous timeout ---
--- Approximator: PermutationIQ ---
Runtime: 64.40 seconds
--- Approximator: PermutationIQStratified ---
Runtime: 107.49 seconds

--- Iteration 29/30 ---
Computed exact values in 4.135289669036865 seconds
--- Approximator: PermutationSamplingSII ---
Runtime: 0.76 seconds
--- Approximator: SHAPIQ ---
Runtime: 479.91 seconds
--- Approximator: SVARMIQ skipped due to previous timeout ---
--- Approximator: KernelSHAPIQ skipped due to previous timeout ---
--- Approximator: PermutationIQ ---
Runtime: 63.96 seconds
--- Approximator: PermutationIQStratified ---
Runtime: 107.95 seconds

--- Iteration 30/30 ---
Computed exact values in 3.8238651752471924 seconds
--- Approximator: PermutationSamplingSII ---
Runtime: 0.75 seconds
--- Approximator: SHAPIQ ---
Runtime: 457.78 seconds
--- Approximator: SVARMIQ skipped due to previous timeout ---
--- Approximator: KernelSHAPIQ skipped due to previous timeout ---
--- Approximator: PermutationIQ ---
Runtime: 64.51 seconds
--- Approximator: PermutationIQStratified ---
Runtime: 108.93 seconds

--- n = 100 ---
--- Iteration 1/30 ---
Computed exact values in 5.5712196826934814 seconds
--- Approximator: PermutationSamplingSII ---
Runtime: 0.87 seconds
--- Approximator: SHAPIQ ---
Runtime: 869.40 seconds
--- Approximator: SVARMIQ skipped due to previous timeout ---
--- Approximator: KernelSHAPIQ skipped due to previous timeout ---
--- Approximator: PermutationIQ ---
Runtime: 94.22 seconds
--- Approximator: PermutationIQStratified ---
Runtime: 178.36 seconds

--- Iteration 2/30 ---
Computed exact values in 6.675872564315796 seconds
--- Approximator: PermutationSamplingSII ---
Runtime: 0.87 seconds
--- Approximator: SHAPIQ ---
Runtime: 869.60 seconds
--- Approximator: SVARMIQ skipped due to previous timeout ---
--- Approximator: KernelSHAPIQ skipped due to previous timeout ---
--- Approximator: PermutationIQ ---
Runtime: 94.35 seconds
--- Approximator: PermutationIQStratified ---
Runtime: 167.36 seconds

--- Iteration 3/30 ---
Computed exact values in 5.995909214019775 seconds
--- Approximator: PermutationSamplingSII ---
Runtime: 0.87 seconds
--- Approximator: SHAPIQ ---
Runtime: 851.91 seconds
--- Approximator: SVARMIQ skipped due to previous timeout ---
--- Approximator: KernelSHAPIQ skipped due to previous timeout ---
--- Approximator: PermutationIQ ---
Runtime: 95.43 seconds
--- Approximator: PermutationIQStratified ---
Runtime: 177.98 seconds

--- Iteration 4/30 ---
Computed exact values in 6.9445013999938965 seconds
--- Approximator: PermutationSamplingSII ---
Runtime: 0.86 seconds
--- Approximator: SHAPIQ ---
Runtime: 859.61 seconds
--- Approximator: SVARMIQ skipped due to previous timeout ---
--- Approximator: KernelSHAPIQ skipped due to previous timeout ---
--- Approximator: PermutationIQ ---
Runtime: 94.33 seconds
--- Approximator: PermutationIQStratified ---
Runtime: 172.85 seconds

--- Iteration 5/30 ---
Computed exact values in 7.016889333724976 seconds
--- Approximator: PermutationSamplingSII ---
Runtime: 0.88 seconds
--- Approximator: SHAPIQ ---
Runtime: 855.19 seconds
--- Approximator: SVARMIQ skipped due to previous timeout ---
--- Approximator: KernelSHAPIQ skipped due to previous timeout ---
--- Approximator: PermutationIQ ---
Runtime: 95.53 seconds
--- Approximator: PermutationIQStratified ---
Runtime: 166.74 seconds

--- Iteration 6/30 ---
Computed exact values in 6.011111736297607 seconds
--- Approximator: PermutationSamplingSII ---
Runtime: 0.87 seconds
--- Approximator: SHAPIQ ---
Runtime: 862.93 seconds
--- Approximator: SVARMIQ skipped due to previous timeout ---
--- Approximator: KernelSHAPIQ skipped due to previous timeout ---
--- Approximator: PermutationIQ ---
Runtime: 94.23 seconds
--- Approximator: PermutationIQStratified ---
Runtime: 173.22 seconds

--- Iteration 7/30 ---
Computed exact values in 6.692849636077881 seconds
--- Approximator: PermutationSamplingSII ---
Runtime: 0.87 seconds
--- Approximator: SHAPIQ ---
Runtime: 848.05 seconds
--- Approximator: SVARMIQ skipped due to previous timeout ---
--- Approximator: KernelSHAPIQ skipped due to previous timeout ---
--- Approximator: PermutationIQ ---
Runtime: 95.05 seconds
--- Approximator: PermutationIQStratified ---
Runtime: 166.74 seconds

--- Iteration 8/30 ---
Computed exact values in 6.7441565990448 seconds
--- Approximator: PermutationSamplingSII ---
Runtime: 0.87 seconds
--- Approximator: SHAPIQ ---
Runtime: 892.53 seconds
--- Approximator: SVARMIQ skipped due to previous timeout ---
--- Approximator: KernelSHAPIQ skipped due to previous timeout ---
--- Approximator: PermutationIQ ---
Runtime: 96.15 seconds
--- Approximator: PermutationIQStratified ---
Runtime: 176.15 seconds

--- Iteration 9/30 ---
Computed exact values in 6.574836730957031 seconds
--- Approximator: PermutationSamplingSII ---
Runtime: 0.87 seconds
--- Approximator: SHAPIQ ---
Runtime: 839.28 seconds
--- Approximator: SVARMIQ skipped due to previous timeout ---
--- Approximator: KernelSHAPIQ skipped due to previous timeout ---
--- Approximator: PermutationIQ ---
Runtime: 93.66 seconds
--- Approximator: PermutationIQStratified ---
Runtime: 165.73 seconds

--- Iteration 10/30 ---
Computed exact values in 6.278894901275635 seconds
--- Approximator: PermutationSamplingSII ---
Runtime: 0.87 seconds
--- Approximator: SHAPIQ ---
Runtime: 893.46 seconds
--- Approximator: SVARMIQ skipped due to previous timeout ---
--- Approximator: KernelSHAPIQ skipped due to previous timeout ---
--- Approximator: PermutationIQ ---
Runtime: 94.10 seconds
--- Approximator: PermutationIQStratified ---
Runtime: 174.80 seconds

--- Iteration 11/30 ---
Computed exact values in 6.586915969848633 seconds
--- Approximator: PermutationSamplingSII ---
Runtime: 0.88 seconds
--- Approximator: SHAPIQ ---
Runtime: 828.24 seconds
--- Approximator: SVARMIQ skipped due to previous timeout ---
--- Approximator: KernelSHAPIQ skipped due to previous timeout ---
--- Approximator: PermutationIQ ---
Runtime: 95.33 seconds
--- Approximator: PermutationIQStratified ---
Runtime: 166.46 seconds

--- Iteration 12/30 ---
Computed exact values in 5.694826364517212 seconds
--- Approximator: PermutationSamplingSII ---
Runtime: 0.86 seconds
--- Approximator: SHAPIQ ---
Runtime: 903.37 seconds
--- Approximator: SVARMIQ skipped due to previous timeout ---
--- Approximator: KernelSHAPIQ skipped due to previous timeout ---
--- Approximator: PermutationIQ ---
Runtime: 95.40 seconds
--- Approximator: PermutationIQStratified ---
Runtime: 172.60 seconds

--- Iteration 13/30 ---
Computed exact values in 6.860328912734985 seconds
--- Approximator: PermutationSamplingSII ---
Runtime: 0.88 seconds
--- Approximator: SHAPIQ ---
Runtime: 838.62 seconds
--- Approximator: SVARMIQ skipped due to previous timeout ---
--- Approximator: KernelSHAPIQ skipped due to previous timeout ---
--- Approximator: PermutationIQ ---
Runtime: 94.66 seconds
--- Approximator: PermutationIQStratified ---
Runtime: 173.35 seconds

--- Iteration 14/30 ---
Computed exact values in 6.432180166244507 seconds
--- Approximator: PermutationSamplingSII ---
Runtime: 0.88 seconds
--- Approximator: SHAPIQ ---
Runtime: 711.49 seconds
--- Approximator: SVARMIQ skipped due to previous timeout ---
--- Approximator: KernelSHAPIQ skipped due to previous timeout ---
--- Approximator: PermutationIQ ---
Runtime: 94.93 seconds
--- Approximator: PermutationIQStratified ---
Runtime: 168.26 seconds

--- Iteration 15/30 ---
Computed exact values in 5.583229303359985 seconds
--- Approximator: PermutationSamplingSII ---
Runtime: 0.85 seconds
--- Approximator: SHAPIQ ---
Runtime: 854.28 seconds
--- Approximator: SVARMIQ skipped due to previous timeout ---
--- Approximator: KernelSHAPIQ skipped due to previous timeout ---
--- Approximator: PermutationIQ ---
Runtime: 97.37 seconds
--- Approximator: PermutationIQStratified ---
Runtime: 187.73 seconds

--- Iteration 16/30 ---
Computed exact values in 6.887131929397583 seconds
--- Approximator: PermutationSamplingSII ---
Runtime: 0.87 seconds
--- Approximator: SHAPIQ ---
Runtime: 781.82 seconds
--- Approximator: SVARMIQ skipped due to previous timeout ---
--- Approximator: KernelSHAPIQ skipped due to previous timeout ---
--- Approximator: PermutationIQ ---
Runtime: 95.41 seconds
--- Approximator: PermutationIQStratified ---
Runtime: 184.81 seconds

--- Iteration 17/30 ---
Computed exact values in 7.358677625656128 seconds
--- Approximator: PermutationSamplingSII ---
Runtime: 0.88 seconds
--- Approximator: SHAPIQ ---
Runtime: 976.53 seconds
--- Approximator: SVARMIQ skipped due to previous timeout ---
--- Approximator: KernelSHAPIQ skipped due to previous timeout ---
--- Approximator: PermutationIQ ---
Runtime: 94.58 seconds
--- Approximator: PermutationIQStratified ---
Runtime: 168.82 seconds

--- Iteration 18/30 ---
Computed exact values in 6.658419370651245 seconds
--- Approximator: PermutationSamplingSII ---
Runtime: 0.87 seconds
--- Approximator: SHAPIQ ---
Runtime: 708.54 seconds
--- Approximator: SVARMIQ skipped due to previous timeout ---
--- Approximator: KernelSHAPIQ skipped due to previous timeout ---
--- Approximator: PermutationIQ ---
Runtime: 94.75 seconds
--- Approximator: PermutationIQStratified ---
Runtime: 172.08 seconds

--- Iteration 19/30 ---
Computed exact values in 7.1594321727752686 seconds
--- Approximator: PermutationSamplingSII ---
Runtime: 0.86 seconds
--- Approximator: SHAPIQ ---
Runtime: 872.43 seconds
--- Approximator: SVARMIQ skipped due to previous timeout ---
--- Approximator: KernelSHAPIQ skipped due to previous timeout ---
--- Approximator: PermutationIQ ---
Runtime: 93.90 seconds
--- Approximator: PermutationIQStratified ---
Runtime: 170.73 seconds

--- Iteration 20/30 ---
Computed exact values in 6.4443724155426025 seconds
--- Approximator: PermutationSamplingSII ---
Runtime: 0.87 seconds
--- Approximator: SHAPIQ ---
Runtime: 711.33 seconds
--- Approximator: SVARMIQ skipped due to previous timeout ---
--- Approximator: KernelSHAPIQ skipped due to previous timeout ---
--- Approximator: PermutationIQ ---
Runtime: 94.44 seconds
--- Approximator: PermutationIQStratified ---
Runtime: 171.00 seconds

--- Iteration 21/30 ---
Computed exact values in 6.50074577331543 seconds
--- Approximator: PermutationSamplingSII ---
Runtime: 0.87 seconds
--- Approximator: SHAPIQ ---
Runtime: 885.36 seconds
--- Approximator: SVARMIQ skipped due to previous timeout ---
--- Approximator: KernelSHAPIQ skipped due to previous timeout ---
--- Approximator: PermutationIQ ---
Runtime: 99.94 seconds
--- Approximator: PermutationIQStratified ---
Runtime: 209.38 seconds

--- Iteration 22/30 ---
Computed exact values in 9.124753952026367 seconds
--- Approximator: PermutationSamplingSII ---
Runtime: 0.95 seconds
--- Approximator: SHAPIQ ---
Runtime: 1277.95 seconds
--- Approximator: SVARMIQ skipped due to previous timeout ---
--- Approximator: KernelSHAPIQ skipped due to previous timeout ---
--- Approximator: PermutationIQ ---
Runtime: 101.16 seconds
--- Approximator: PermutationIQStratified ---
Runtime: 180.93 seconds

--- Iteration 23/30 ---
Computed exact values in 6.451290607452393 seconds
--- Approximator: PermutationSamplingSII ---
Runtime: 0.87 seconds
--- Approximator: SHAPIQ ---
Runtime: 985.87 seconds
--- Approximator: SVARMIQ skipped due to previous timeout ---
--- Approximator: KernelSHAPIQ skipped due to previous timeout ---
--- Approximator: PermutationIQ ---
Runtime: 97.42 seconds
--- Approximator: PermutationIQStratified ---
Runtime: 195.81 seconds

--- Iteration 24/30 ---
Computed exact values in 8.191808700561523 seconds
--- Approximator: PermutationSamplingSII ---
Runtime: 0.92 seconds
--- Approximator: SHAPIQ ---
Runtime: 1019.01 seconds
--- Approximator: SVARMIQ skipped due to previous timeout ---
--- Approximator: KernelSHAPIQ skipped due to previous timeout ---
--- Approximator: PermutationIQ ---
Runtime: 96.62 seconds
--- Approximator: PermutationIQStratified ---
Runtime: 182.83 seconds

--- Iteration 25/30 ---
Computed exact values in 6.305851221084595 seconds
--- Approximator: PermutationSamplingSII ---
Runtime: 0.89 seconds
--- Approximator: SHAPIQ ---
Runtime: 1004.40 seconds
--- Approximator: SVARMIQ skipped due to previous timeout ---
--- Approximator: KernelSHAPIQ skipped due to previous timeout ---
--- Approximator: PermutationIQ ---
Runtime: 98.87 seconds
--- Approximator: PermutationIQStratified ---
Runtime: 181.37 seconds

--- Iteration 26/30 ---
Computed exact values in 7.258696794509888 seconds
--- Approximator: PermutationSamplingSII ---
Runtime: 0.90 seconds
--- Approximator: SHAPIQ ---
Runtime: 1051.69 seconds
--- Approximator: SVARMIQ skipped due to previous timeout ---
--- Approximator: KernelSHAPIQ skipped due to previous timeout ---
--- Approximator: PermutationIQ ---
Runtime: 97.68 seconds
--- Approximator: PermutationIQStratified ---
Runtime: 187.03 seconds

--- Iteration 27/30 ---
Computed exact values in 5.846656084060669 seconds
--- Approximator: PermutationSamplingSII ---
Runtime: 0.88 seconds
--- Approximator: SHAPIQ ---
Runtime: 1004.48 seconds
--- Approximator: SVARMIQ skipped due to previous timeout ---
--- Approximator: KernelSHAPIQ skipped due to previous timeout ---
--- Approximator: PermutationIQ ---
Runtime: 96.06 seconds
--- Approximator: PermutationIQStratified ---
Runtime: 182.21 seconds

--- Iteration 28/30 ---
Computed exact values in 7.376909017562866 seconds
--- Approximator: PermutationSamplingSII ---
Runtime: 0.90 seconds
--- Approximator: SHAPIQ ---
Runtime: 1057.83 seconds
--- Approximator: SVARMIQ skipped due to previous timeout ---
--- Approximator: KernelSHAPIQ skipped due to previous timeout ---
--- Approximator: PermutationIQ ---
Runtime: 99.54 seconds
--- Approximator: PermutationIQStratified ---
Runtime: 198.10 seconds

--- Iteration 29/30 ---
Computed exact values in 7.030867576599121 seconds
--- Approximator: PermutationSamplingSII ---
Runtime: 0.91 seconds
--- Approximator: SHAPIQ ---
Runtime: 1100.70 seconds
--- Approximator: SVARMIQ skipped due to previous timeout ---
--- Approximator: KernelSHAPIQ skipped due to previous timeout ---
--- Approximator: PermutationIQ ---
Runtime: 98.53 seconds
--- Approximator: PermutationIQStratified ---
Runtime: 192.55 seconds

--- Iteration 30/30 ---
Computed exact values in 7.147476434707642 seconds
--- Approximator: PermutationSamplingSII ---
Runtime: 0.92 seconds
--- Approximator: SHAPIQ ---
Runtime: 1047.09 seconds
--- Approximator: SVARMIQ skipped due to previous timeout ---
--- Approximator: KernelSHAPIQ skipped due to previous timeout ---
--- Approximator: PermutationIQ ---
Runtime: 98.52 seconds
--- Approximator: PermutationIQStratified ---
Runtime: 190.82 seconds

Ending job at Thu Oct 30 16:44:43 CET 2025 (runtime: 146806s)
