Starting job at Sun Oct 26 05:44:15 CET 2025
/var/slurmd-serial/job4966925/slurm_script: line 34: git: command not found
Git commit: 
System information:
NAME="SLES"
VERSION="15-SP6"
VERSION_ID="15.6"
PRETTY_NAME="SUSE Linux Enterprise Server 15 SP6"
ID="sles"
ID_LIKE="suse"
ANSI_COLOR="0;32"
CPE_NAME="cpe:/o:suse:sles:15:sp6"
DOCUMENTATION_URL="https://documentation.suse.com/"
Linux 6.4.0-150600.23.25-default #1 SMP PREEMPT_DYNAMIC Tue Oct  1 10:54:01 UTC 2024 (ea7c56d) x86_64 x86_64 x86_64 GNU/Linux
Resolved 35 packages in 2ms
Audited 33 packages in 31ms
Run main.py at Sun Oct 26 05:44:16 CET 2025
===============
Benchmark: runtime_soum_varying_n
===============
--- n = 15 ---
--- Iteration 1/2 ---
Computed exact values in 0.004831552505493164 seconds
--- Approximator: PermutationSamplingSII ---
Runtime: 0.33 seconds
--- Approximator: SHAPIQ ---
Runtime: 0.93 seconds
--- Approximator: SVARMIQ ---
Runtime: 8.47 seconds
--- Approximator: KernelSHAPIQ ---
Runtime: 0.84 seconds
--- Approximator: PermutationIQ ---
Runtime: 0.41 seconds
--- Approximator: PermutationIQStratified ---
Runtime: 0.41 seconds

--- Iteration 2/2 ---
Computed exact values in 0.004498004913330078 seconds
--- Approximator: PermutationSamplingSII ---
Runtime: 0.33 seconds
--- Approximator: SHAPIQ ---
Runtime: 0.94 seconds
--- Approximator: SVARMIQ ---
Runtime: 8.48 seconds
--- Approximator: KernelSHAPIQ ---
Runtime: 0.79 seconds
--- Approximator: PermutationIQ ---
Runtime: 0.42 seconds
--- Approximator: PermutationIQStratified ---
Runtime: 0.41 seconds

--- n = 30 ---
--- Iteration 1/2 ---
Computed exact values in 0.015221118927001953 seconds
--- Approximator: PermutationSamplingSII ---
Runtime: 0.39 seconds
--- Approximator: SHAPIQ ---
Runtime: 1.72 seconds
--- Approximator: SVARMIQ ---
Runtime: 67.22 seconds
--- Approximator: KernelSHAPIQ ---
Runtime: 1.21 seconds
--- Approximator: PermutationIQ ---
Runtime: 0.73 seconds
--- Approximator: PermutationIQStratified ---
Runtime: 0.74 seconds

--- Iteration 2/2 ---
Computed exact values in 0.015861988067626953 seconds
--- Approximator: PermutationSamplingSII ---
Runtime: 0.38 seconds
--- Approximator: SHAPIQ ---
Runtime: 1.72 seconds
--- Approximator: SVARMIQ ---
Runtime: 67.32 seconds
--- Approximator: KernelSHAPIQ ---
Runtime: 1.20 seconds
--- Approximator: PermutationIQ ---
Runtime: 0.72 seconds
--- Approximator: PermutationIQStratified ---
Runtime: 0.82 seconds

--- n = 50 ---
--- Iteration 1/2 ---
Computed exact values in 0.0429842472076416 seconds
--- Approximator: PermutationSamplingSII ---
Runtime: 0.51 seconds
--- Approximator: SHAPIQ ---
Runtime: 4.28 seconds
--- Approximator: SVARMIQ ---
Runtime: 373.75 seconds
--- Approximator: KernelSHAPIQ ---
Runtime: 3.02 seconds
--- Approximator: PermutationIQ ---
Runtime: 1.19 seconds
--- Approximator: PermutationIQStratified ---
Runtime: 1.45 seconds

--- Iteration 2/2 ---
Computed exact values in 0.04549241065979004 seconds
--- Approximator: PermutationSamplingSII ---
Runtime: 0.51 seconds
--- Approximator: SHAPIQ ---
Runtime: 4.29 seconds
--- Approximator: SVARMIQ ---
Runtime: 375.12 seconds
--- Approximator: KernelSHAPIQ ---
Runtime: 3.02 seconds
--- Approximator: PermutationIQ ---
Runtime: 1.17 seconds
--- Approximator: PermutationIQStratified ---
Runtime: 1.47 seconds

--- n = 75 ---
--- Iteration 1/2 ---
Computed exact values in 0.10360431671142578 seconds
--- Approximator: PermutationSamplingSII ---
Runtime: 0.71 seconds
--- Approximator: SHAPIQ ---
Runtime: 11.16 seconds
--- Approximator: SVARMIQ ---
Runtime: 1627.61 seconds
--- Approximator: KernelSHAPIQ ---
Runtime: 8.55 seconds
--- Approximator: PermutationIQ ---
Runtime: 1.82 seconds
--- Approximator: PermutationIQStratified ---
Runtime: 2.73 seconds

--- Iteration 2/2 ---
Computed exact values in 0.08686161041259766 seconds
--- Approximator: PermutationSamplingSII ---
Runtime: 0.71 seconds
--- Approximator: SHAPIQ ---
Runtime: 11.22 seconds
--- Approximator: SVARMIQ ---
Runtime: 1656.22 seconds
--- Approximator: KernelSHAPIQ ---
Runtime: 8.52 seconds
--- Approximator: PermutationIQ ---
Runtime: 1.83 seconds
--- Approximator: PermutationIQStratified ---
Runtime: 2.58 seconds

--- n = 100 ---
--- Iteration 1/2 ---
Computed exact values in 0.15497422218322754 seconds
--- Approximator: PermutationSamplingSII ---
Runtime: 0.83 seconds
--- Approximator: SHAPIQ ---
Runtime: 21.53 seconds
--- Approximator: SVARMIQ ---
Timed out after 3600.000752210617 seconds, approximator SVARMIQ will be skipped for further iterations.
--- Approximator: KernelSHAPIQ ---
Runtime: 20.82 seconds
--- Approximator: PermutationIQ ---
Runtime: 2.56 seconds
--- Approximator: PermutationIQStratified ---
Runtime: 4.46 seconds

--- Iteration 2/2 ---
Computed exact values in 0.18149566650390625 seconds
--- Approximator: PermutationSamplingSII ---
Runtime: 0.84 seconds
--- Approximator: SHAPIQ ---
Runtime: 21.77 seconds
--- Approximator: SVARMIQ skipped due to previous timeout ---
--- Approximator: KernelSHAPIQ ---
Runtime: 20.84 seconds
--- Approximator: PermutationIQ ---
Runtime: 2.63 seconds
--- Approximator: PermutationIQStratified ---
Runtime: 4.29 seconds

Ending job at Sun Oct 26 07:57:31 CET 2025 (runtime: 7996s)
